# project ns (3.29) configured on Fri Nov  1 10:18:24 2019 by
# waf 2.0.9 (abi 20, python 20711f0 on darwin)
# using ./waf configure
#
----------------------------------------
Setting top to
/Users/frankwang/Misc/ns-3.29
----------------------------------------
Setting out to
/Users/frankwang/Misc/ns-3.29/build
----------------------------------------
Checking for 'clang' (C compiler)
find program=['clang'] paths=['/usr/local/opt/make/libexec/gnubin', '/usr/local/opt/llvm/bin', '/usr/local/opt/sqlite/bin', '/usr/texbin', '/usr/local/sbin', '/Users/frankwang/platform-tools', '/Users/frankwang/bin', '/usr/local/opt/python@2/bin', '/usr/local/bin', '/usr/bin', '/bin', '/usr/sbin', '/sbin', '/opt/X11/bin', '/usr/local/CrossPack-AVR/bin', '/usr/local/share/dotnet', '/Library/Frameworks/Mono.framework/Versions/Current/Commands', '/Library/TeX/texbin', '.', '/Applications/Xamarin Workbooks.app/Contents/SharedSupport/path-bin'] var='CC' -> ['/usr/local/bin/gcc-9']
['/usr/local/bin/gcc-9', '-dM', '-E', '-']
out: #define __DBL_MIN_EXP__ (-1021)
#define __FLT32X_MAX_EXP__ 1024
#define __UINT_LEAST16_MAX__ 0xffff
#define __ATOMIC_ACQUIRE 2
#define __FLT128_MAX_10_EXP__ 4932
#define __FLT_MIN__ 1.17549435082228750796873653722224568e-38F
#define __GCC_IEC_559_COMPLEX 2
#define __UINT_LEAST8_TYPE__ unsigned char
#define __SIZEOF_FLOAT80__ 16
#define __INTMAX_C(c) c ## L
#define __CHAR_BIT__ 8
#define __UINT8_MAX__ 0xff
#define __WINT_MAX__ 0x7fffffff
#define __FLT32_MIN_EXP__ (-125)
#define __ORDER_LITTLE_ENDIAN__ 1234
#define __SIZE_MAX__ 0xffffffffffffffffUL
#define __WCHAR_MAX__ 0x7fffffff
#define __GCC_HAVE_SYNC_COMPARE_AND_SWAP_1 1
#define __GCC_HAVE_SYNC_COMPARE_AND_SWAP_2 1
#define __GCC_HAVE_SYNC_COMPARE_AND_SWAP_4 1
#define __DBL_DENORM_MIN__ ((double)4.94065645841246544176568792868221372e-324L)
#define __GCC_HAVE_SYNC_COMPARE_AND_SWAP_8 1
#define __GCC_ATOMIC_CHAR_LOCK_FREE 2
#define __GCC_IEC_559 2
#define __FLT32X_DECIMAL_DIG__ 17
#define __FLT_EVAL_METHOD__ 0
#define __FLT64_DECIMAL_DIG__ 17
#define __GCC_ATOMIC_CHAR32_T_LOCK_FREE 2
#define __x86_64 1
#define __UINT_FAST64_MAX__ 0xffffffffffffffffULL
#define __SIG_ATOMIC_TYPE__ int
#define __DBL_MIN_10_EXP__ (-307)
#define __FINITE_MATH_ONLY__ 0
#define __GNUC_PATCHLEVEL__ 0
#define __FLT32_HAS_DENORM__ 1
#define __UINT_FAST8_MAX__ 0xff
#define __has_include(STR) __has_include__(STR)
#define __DEC64_MAX_EXP__ 385
#define __INT8_C(c) c
#define __INT_LEAST8_WIDTH__ 8
#define __UINT_LEAST64_MAX__ 0xffffffffffffffffULL
#define __SHRT_MAX__ 0x7fff
#define __LDBL_MAX__ 1.18973149535723176502126385303097021e+4932L
#define __FLT64X_MAX_10_EXP__ 4932
#define __UINT_LEAST8_MAX__ 0xff
#define __GCC_ATOMIC_BOOL_LOCK_FREE 2
#define __FLT128_DENORM_MIN__ 6.47517511943802511092443895822764655e-4966F128
#define __APPLE_CC__ 1
#define __UINTMAX_TYPE__ long unsigned int
#define __DEC32_EPSILON__ 1E-6DF
#define __FLT_EVAL_METHOD_TS_18661_3__ 0
#define __UINT32_MAX__ 0xffffffffU
#define __LDBL_MAX_EXP__ 16384
#define __FLT128_MIN_EXP__ (-16381)
#define __WINT_MIN__ (-__WINT_MAX__ - 1)
#define __FLT128_MIN_10_EXP__ (-4931)
#define __INT_LEAST16_WIDTH__ 16
#define __SCHAR_MAX__ 0x7f
#define __FLT128_MANT_DIG__ 113
#define __WCHAR_MIN__ (-__WCHAR_MAX__ - 1)
#define __INT64_C(c) c ## LL
#define __DBL_DIG__ 15
#define __GCC_ATOMIC_POINTER_LOCK_FREE 2
#define __FLT64X_MANT_DIG__ 64
#define __SIZEOF_INT__ 4
#define __SIZEOF_POINTER__ 8
#define __USER_LABEL_PREFIX__ _
#define __FLT64X_EPSILON__ 1.08420217248550443400745280086994171e-19F64x
#define __STDC_HOSTED__ 1
#define __LDBL_HAS_INFINITY__ 1
#define __FLT32_DIG__ 6
#define __FLT_EPSILON__ 1.19209289550781250000000000000000000e-7F
#define __SHRT_WIDTH__ 16
#define __LDBL_MIN__ 3.36210314311209350626267781732175260e-4932L
#define __STDC_UTF_16__ 1
#define __DEC32_MAX__ 9.999999E96DF
#define __strong 
#define __FLT64X_DENORM_MIN__ 3.64519953188247460252840593361941982e-4951F64x
#define __FLT32X_HAS_INFINITY__ 1
#define __INT32_MAX__ 0x7fffffff
#define __INT_WIDTH__ 32
#define __SIZEOF_LONG__ 8
#define __APPLE__ 1
#define __UINT16_C(c) c
#define __PTRDIFF_WIDTH__ 64
#define __DECIMAL_DIG__ 21
#define __FLT64_EPSILON__ 2.22044604925031308084726333618164062e-16F64
#define __INTMAX_WIDTH__ 64
#define __has_include_next(STR) __has_include_next__(STR)
#define __FLT64X_MIN_10_EXP__ (-4931)
#define __LDBL_HAS_QUIET_NAN__ 1
#define __FLT64_MANT_DIG__ 53
#define __DYNAMIC__ 1
#define __GNUC__ 9
#define __MMX__ 1
#define __FLT_HAS_DENORM__ 1
#define __SIZEOF_LONG_DOUBLE__ 16
#define __BIGGEST_ALIGNMENT__ 16
#define __FLT64_MAX_10_EXP__ 308
#define __DBL_MAX__ ((double)1.79769313486231570814527423731704357e+308L)
#define __INT_FAST32_MAX__ 0x7fffffff
#define __DBL_HAS_INFINITY__ 1
#define __HAVE_SPECULATION_SAFE_VALUE 1
#define __DEC32_MIN_EXP__ (-94)
#define __INTPTR_WIDTH__ 64
#define __FLT32X_HAS_DENORM__ 1
#define __INT_FAST16_TYPE__ short int
#define __LDBL_HAS_DENORM__ 1
#define __FLT128_HAS_INFINITY__ 1
#define __DEC128_MAX__ 9.999999999999999999999999999999999E6144DL
#define __INT_LEAST32_MAX__ 0x7fffffff
#define __DEC32_MIN__ 1E-95DF
#define __weak 
#define __DBL_MAX_EXP__ 1024
#define __WCHAR_WIDTH__ 32
#define __FLT32_MAX__ 3.40282346638528859811704183484516925e+38F32
#define __DEC128_EPSILON__ 1E-33DL
#define __SSE2_MATH__ 1
#define __ATOMIC_HLE_RELEASE 131072
#define __PTRDIFF_MAX__ 0x7fffffffffffffffL
#define __amd64 1
#define __tune_core2__ 1
#define __ATOMIC_HLE_ACQUIRE 65536
#define __FLT32_HAS_QUIET_NAN__ 1
#define __LONG_LONG_MAX__ 0x7fffffffffffffffLL
#define __SIZEOF_SIZE_T__ 8
#define __FLT64X_MIN_EXP__ (-16381)
#define __SIZEOF_WINT_T__ 4
#define __LONG_LONG_WIDTH__ 64
#define __FLT32_MAX_EXP__ 128
#define __GXX_ABI_VERSION 1013
#define __FLT_MIN_EXP__ (-125)
#define __FLT64X_HAS_QUIET_NAN__ 1
#define __INT_FAST64_TYPE__ long long int
#define __FLT64_DENORM_MIN__ 4.94065645841246544176568792868221372e-324F64
#define __DBL_MIN__ ((double)2.22507385850720138309023271733240406e-308L)
#define __LP64__ 1
#define __FLT32X_EPSILON__ 2.22044604925031308084726333618164062e-16F32x
#define __FLT64_MIN_EXP__ (-1021)
#define __FLT64_MIN_10_EXP__ (-307)
#define __FLT64X_DECIMAL_DIG__ 21
#define __DEC128_MIN__ 1E-6143DL
#define __REGISTER_PREFIX__ 
#define __UINT16_MAX__ 0xffff
#define __DBL_HAS_DENORM__ 1
#define __FLT32_MIN__ 1.17549435082228750796873653722224568e-38F32
#define __UINT8_TYPE__ unsigned char
#define __NO_INLINE__ 1
#define __FLT_MANT_DIG__ 24
#define __LDBL_DECIMAL_DIG__ 21
#define __VERSION__ "9.2.0"
#define __UINT64_C(c) c ## ULL
#define __GCC_ATOMIC_INT_LOCK_FREE 2
#define __FLT128_MAX_EXP__ 16384
#define __FLT32_MANT_DIG__ 24
#define __FLOAT_WORD_ORDER__ __ORDER_LITTLE_ENDIAN__
#define __FLT128_HAS_DENORM__ 1
#define __FLT128_DIG__ 33
#define __SCHAR_WIDTH__ 8
#define __INT32_C(c) c
#define __DEC64_EPSILON__ 1E-15DD
#define __ORDER_PDP_ENDIAN__ 3412
#define __DEC128_MIN_EXP__ (-6142)
#define __FLT32_MAX_10_EXP__ 38
#define __INT_FAST32_TYPE__ int
#define __UINT_LEAST16_TYPE__ short unsigned int
#define __FLT64X_HAS_INFINITY__ 1
#define __INT16_MAX__ 0x7fff
#define __ENVIRONMENT_MAC_OS_X_VERSION_MIN_REQUIRED__ 101500
#define __SIZE_TYPE__ long unsigned int
#define __UINT64_MAX__ 0xffffffffffffffffULL
#define __FLT64X_DIG__ 18
#define __INT8_TYPE__ signed char
#define __GCC_ASM_FLAG_OUTPUTS__ 1
#define __FLT_RADIX__ 2
#define __INT_LEAST16_TYPE__ short int
#define __LDBL_EPSILON__ 1.08420217248550443400745280086994171e-19L
#define __UINTMAX_C(c) c ## UL
#define __SSE_MATH__ 1
#define __k8 1
#define __SIG_ATOMIC_MAX__ 0x7fffffff
#define __GCC_ATOMIC_WCHAR_T_LOCK_FREE 2
#define __SIZEOF_PTRDIFF_T__ 8
#define __FLT32X_MANT_DIG__ 53
#define __x86_64__ 1
#define __FLT32X_MIN_EXP__ (-1021)
#define __DEC32_SUBNORMAL_MIN__ 0.000001E-95DF
#define __INT_FAST16_MAX__ 0x7fff
#define __FLT64_DIG__ 15
#define __UINT_FAST32_MAX__ 0xffffffffU
#define __UINT_LEAST64_TYPE__ long long unsigned int
#define __FLT_HAS_QUIET_NAN__ 1
#define __FLT_MAX_10_EXP__ 38
#define __LONG_MAX__ 0x7fffffffffffffffL
#define __FLT64X_HAS_DENORM__ 1
#define __DEC128_SUBNORMAL_MIN__ 0.000000000000000000000000000000001E-6143DL
#define __FLT_HAS_INFINITY__ 1
#define __UINT_FAST16_TYPE__ short unsigned int
#define __DEC64_MAX__ 9.999999999999999E384DD
#define __INT_FAST32_WIDTH__ 32
#define __CHAR16_TYPE__ short unsigned int
#define __PRAGMA_REDEFINE_EXTNAME 1
#define __SIZE_WIDTH__ 64
#define __SEG_FS 1
#define __INT_LEAST16_MAX__ 0x7fff
#define __DEC64_MANT_DIG__ 16
#define __INT64_MAX__ 0x7fffffffffffffffLL
#define __UINT_LEAST32_MAX__ 0xffffffffU
#define __SEG_GS 1
#define __FLT32_DENORM_MIN__ 1.40129846432481707092372958328991613e-45F32
#define __GCC_ATOMIC_LONG_LOCK_FREE 2
#define __SIG_ATOMIC_WIDTH__ 32
#define __INT_LEAST64_TYPE__ long long int
#define __INT16_TYPE__ short int
#define __INT_LEAST8_TYPE__ signed char
#define __STDC_VERSION__ 201710L
#define __DEC32_MAX_EXP__ 97
#define __INT_FAST8_MAX__ 0x7f
#define __FLT128_MAX__ 1.18973149535723176508575932662800702e+4932F128
#define __INTPTR_MAX__ 0x7fffffffffffffffL
#define __FLT64_HAS_QUIET_NAN__ 1
#define __LITTLE_ENDIAN__ 1
#define __FLT32_MIN_10_EXP__ (-37)
#define __SSE2__ 1
#define __FLT32X_DIG__ 15
#define __LDBL_MANT_DIG__ 64
#define __CONSTANT_CFSTRINGS__ 1
#define __DBL_HAS_QUIET_NAN__ 1
#define __FLT64_HAS_INFINITY__ 1
#define __FLT64X_MAX__ 1.18973149535723176502126385303097021e+4932F64x
#define __SIG_ATOMIC_MIN__ (-__SIG_ATOMIC_MAX__ - 1)
#define __code_model_small__ 1
#define __k8__ 1
#define __INTPTR_TYPE__ long int
#define __UINT16_TYPE__ short unsigned int
#define __WCHAR_TYPE__ int
#define __SIZEOF_FLOAT__ 4
#define __pic__ 2
#define __UINTPTR_MAX__ 0xffffffffffffffffUL
#define __INT_FAST64_WIDTH__ 64
#define __DEC64_MIN_EXP__ (-382)
#define __FLT32_DECIMAL_DIG__ 9
#define __INT_FAST64_MAX__ 0x7fffffffffffffffLL
#define __GCC_ATOMIC_TEST_AND_SET_TRUEVAL 1
#define __FLT_DIG__ 6
#define __FLT32_HAS_INFINITY__ 1
#define __FLT64X_MAX_EXP__ 16384
#define __UINT_FAST64_TYPE__ long long unsigned int
#define __INT_MAX__ 0x7fffffff
#define __MACH__ 1
#define __amd64__ 1
#define __INT64_TYPE__ long long int
#define __FLT_MAX_EXP__ 128
#define __ORDER_BIG_ENDIAN__ 4321
#define __DBL_MANT_DIG__ 53
#define __SIZEOF_FLOAT128__ 16
#define __INT_LEAST64_MAX__ 0x7fffffffffffffffLL
#define __GCC_ATOMIC_CHAR16_T_LOCK_FREE 2
#define __DEC64_MIN__ 1E-383DD
#define __WINT_TYPE__ int
#define __UINT_LEAST32_TYPE__ unsigned int
#define __SIZEOF_SHORT__ 2
#define __SSE__ 1
#define __LDBL_MIN_EXP__ (-16381)
#define __FLT64_MAX__ 1.79769313486231570814527423731704357e+308F64
#define __WINT_WIDTH__ 32
#define __INT_LEAST8_MAX__ 0x7f
#define __FLT32X_MAX_10_EXP__ 308
#define __SIZEOF_INT128__ 16
#define __LDBL_MAX_10_EXP__ 4932
#define __ATOMIC_RELAXED 0
#define __DBL_EPSILON__ ((double)2.22044604925031308084726333618164062e-16L)
#define __FLT128_MIN__ 3.36210314311209350626267781732175260e-4932F128
#define _LP64 1
#define __UINT8_C(c) c
#define __FLT64_MAX_EXP__ 1024
#define __INT_LEAST32_TYPE__ int
#define __SIZEOF_WCHAR_T__ 4
#define __UINT64_TYPE__ long long unsigned int
#define __FLT128_HAS_QUIET_NAN__ 1
#define __INT_FAST8_TYPE__ signed char
#define __FLT64X_MIN__ 3.36210314311209350626267781732175260e-4932F64x
#define __GNUC_STDC_INLINE__ 1
#define __FLT64_HAS_DENORM__ 1
#define __FLT32_EPSILON__ 1.19209289550781250000000000000000000e-7F32
#define __DBL_DECIMAL_DIG__ 17
#define __STDC_UTF_32__ 1
#define __INT_FAST8_WIDTH__ 8
#define __FXSR__ 1
#define __DEC_EVAL_METHOD__ 2
#define __FLT32X_MAX__ 1.79769313486231570814527423731704357e+308F32x
#define __UINT32_C(c) c ## U
#define __INTMAX_MAX__ 0x7fffffffffffffffL
#define __BYTE_ORDER__ __ORDER_LITTLE_ENDIAN__
#define __FLT_DENORM_MIN__ 1.40129846432481707092372958328991613e-45F
#define __INT8_MAX__ 0x7f
#define __LONG_WIDTH__ 64
#define __PIC__ 2
#define __UINT_FAST32_TYPE__ unsigned int
#define __CHAR32_TYPE__ unsigned int
#define __FLT_MAX__ 3.40282346638528859811704183484516925e+38F
#define __INT32_TYPE__ int
#define __SIZEOF_DOUBLE__ 8
#define __FLT_MIN_10_EXP__ (-37)
#define __FLT64_MIN__ 2.22507385850720138309023271733240406e-308F64
#define __INT_LEAST32_WIDTH__ 32
#define __INTMAX_TYPE__ long int
#define __DEC128_MAX_EXP__ 6145
#define __FLT32X_HAS_QUIET_NAN__ 1
#define __ATOMIC_CONSUME 1
#define __GNUC_MINOR__ 2
#define __INT_FAST16_WIDTH__ 16
#define __UINTMAX_MAX__ 0xffffffffffffffffUL
#define __DEC32_MANT_DIG__ 7
#define __FLT32X_DENORM_MIN__ 4.94065645841246544176568792868221372e-324F32x
#define __DBL_MAX_10_EXP__ 308
#define __LDBL_DENORM_MIN__ 3.64519953188247460252840593361941982e-4951L
#define __INT16_C(c) c
#define __STDC__ 1
#define __PTRDIFF_TYPE__ long int
#define __ATOMIC_SEQ_CST 5
#define __UINT32_TYPE__ unsigned int
#define __FLT32X_MIN_10_EXP__ (-307)
#define __UINTPTR_TYPE__ long unsigned int
#define __DEC64_SUBNORMAL_MIN__ 0.000000000000001E-383DD
#define __DEC128_MANT_DIG__ 34
#define __LDBL_MIN_10_EXP__ (-4931)
#define __FLT128_EPSILON__ 1.92592994438723585305597794258492732e-34F128
#define __SIZEOF_LONG_LONG__ 8
#define __FLT128_DECIMAL_DIG__ 36
#define __GCC_ATOMIC_LLONG_LOCK_FREE 2
#define __FLT32X_MIN__ 2.22507385850720138309023271733240406e-308F32x
#define __LDBL_DIG__ 18
#define __FLT_DECIMAL_DIG__ 9
#define __UINT_FAST16_MAX__ 0xffff
#define __GCC_ATOMIC_SHORT_LOCK_FREE 2
#define __INT_LEAST64_WIDTH__ 64
#define __SSE3__ 1
#define __UINT_FAST8_TYPE__ unsigned char
#define __ATOMIC_ACQ_REL 4
#define __ATOMIC_RELEASE 3

from /Users/frankwang/Misc/ns-3.29: Not clang/clang++
not found
----------------------------------------
Checking for 'gcc' (C compiler)
find program=['gcc', 'cc'] paths=['/usr/local/opt/make/libexec/gnubin', '/usr/local/opt/llvm/bin', '/usr/local/opt/sqlite/bin', '/usr/texbin', '/usr/local/sbin', '/Users/frankwang/platform-tools', '/Users/frankwang/bin', '/usr/local/opt/python@2/bin', '/usr/local/bin', '/usr/bin', '/bin', '/usr/sbin', '/sbin', '/opt/X11/bin', '/usr/local/CrossPack-AVR/bin', '/usr/local/share/dotnet', '/Library/Frameworks/Mono.framework/Versions/Current/Commands', '/Library/TeX/texbin', '.', '/Applications/Xamarin Workbooks.app/Contents/SharedSupport/path-bin'] var='CC' -> ['/usr/local/bin/gcc-9']
['/usr/local/bin/gcc-9', '-dM', '-E', '-']
out: #define __DBL_MIN_EXP__ (-1021)
#define __FLT32X_MAX_EXP__ 1024
#define __UINT_LEAST16_MAX__ 0xffff
#define __ATOMIC_ACQUIRE 2
#define __FLT128_MAX_10_EXP__ 4932
#define __FLT_MIN__ 1.17549435082228750796873653722224568e-38F
#define __GCC_IEC_559_COMPLEX 2
#define __UINT_LEAST8_TYPE__ unsigned char
#define __SIZEOF_FLOAT80__ 16
#define __INTMAX_C(c) c ## L
#define __CHAR_BIT__ 8
#define __UINT8_MAX__ 0xff
#define __WINT_MAX__ 0x7fffffff
#define __FLT32_MIN_EXP__ (-125)
#define __ORDER_LITTLE_ENDIAN__ 1234
#define __SIZE_MAX__ 0xffffffffffffffffUL
#define __WCHAR_MAX__ 0x7fffffff
#define __GCC_HAVE_SYNC_COMPARE_AND_SWAP_1 1
#define __GCC_HAVE_SYNC_COMPARE_AND_SWAP_2 1
#define __GCC_HAVE_SYNC_COMPARE_AND_SWAP_4 1
#define __DBL_DENORM_MIN__ ((double)4.94065645841246544176568792868221372e-324L)
#define __GCC_HAVE_SYNC_COMPARE_AND_SWAP_8 1
#define __GCC_ATOMIC_CHAR_LOCK_FREE 2
#define __GCC_IEC_559 2
#define __FLT32X_DECIMAL_DIG__ 17
#define __FLT_EVAL_METHOD__ 0
#define __FLT64_DECIMAL_DIG__ 17
#define __GCC_ATOMIC_CHAR32_T_LOCK_FREE 2
#define __x86_64 1
#define __UINT_FAST64_MAX__ 0xffffffffffffffffULL
#define __SIG_ATOMIC_TYPE__ int
#define __DBL_MIN_10_EXP__ (-307)
#define __FINITE_MATH_ONLY__ 0
#define __GNUC_PATCHLEVEL__ 0
#define __FLT32_HAS_DENORM__ 1
#define __UINT_FAST8_MAX__ 0xff
#define __has_include(STR) __has_include__(STR)
#define __DEC64_MAX_EXP__ 385
#define __INT8_C(c) c
#define __INT_LEAST8_WIDTH__ 8
#define __UINT_LEAST64_MAX__ 0xffffffffffffffffULL
#define __SHRT_MAX__ 0x7fff
#define __LDBL_MAX__ 1.18973149535723176502126385303097021e+4932L
#define __FLT64X_MAX_10_EXP__ 4932
#define __UINT_LEAST8_MAX__ 0xff
#define __GCC_ATOMIC_BOOL_LOCK_FREE 2
#define __FLT128_DENORM_MIN__ 6.47517511943802511092443895822764655e-4966F128
#define __APPLE_CC__ 1
#define __UINTMAX_TYPE__ long unsigned int
#define __DEC32_EPSILON__ 1E-6DF
#define __FLT_EVAL_METHOD_TS_18661_3__ 0
#define __UINT32_MAX__ 0xffffffffU
#define __LDBL_MAX_EXP__ 16384
#define __FLT128_MIN_EXP__ (-16381)
#define __WINT_MIN__ (-__WINT_MAX__ - 1)
#define __FLT128_MIN_10_EXP__ (-4931)
#define __INT_LEAST16_WIDTH__ 16
#define __SCHAR_MAX__ 0x7f
#define __FLT128_MANT_DIG__ 113
#define __WCHAR_MIN__ (-__WCHAR_MAX__ - 1)
#define __INT64_C(c) c ## LL
#define __DBL_DIG__ 15
#define __GCC_ATOMIC_POINTER_LOCK_FREE 2
#define __FLT64X_MANT_DIG__ 64
#define __SIZEOF_INT__ 4
#define __SIZEOF_POINTER__ 8
#define __USER_LABEL_PREFIX__ _
#define __FLT64X_EPSILON__ 1.08420217248550443400745280086994171e-19F64x
#define __STDC_HOSTED__ 1
#define __LDBL_HAS_INFINITY__ 1
#define __FLT32_DIG__ 6
#define __FLT_EPSILON__ 1.19209289550781250000000000000000000e-7F
#define __SHRT_WIDTH__ 16
#define __LDBL_MIN__ 3.36210314311209350626267781732175260e-4932L
#define __STDC_UTF_16__ 1
#define __DEC32_MAX__ 9.999999E96DF
#define __strong 
#define __FLT64X_DENORM_MIN__ 3.64519953188247460252840593361941982e-4951F64x
#define __FLT32X_HAS_INFINITY__ 1
#define __INT32_MAX__ 0x7fffffff
#define __INT_WIDTH__ 32
#define __SIZEOF_LONG__ 8
#define __APPLE__ 1
#define __UINT16_C(c) c
#define __PTRDIFF_WIDTH__ 64
#define __DECIMAL_DIG__ 21
#define __FLT64_EPSILON__ 2.22044604925031308084726333618164062e-16F64
#define __INTMAX_WIDTH__ 64
#define __has_include_next(STR) __has_include_next__(STR)
#define __FLT64X_MIN_10_EXP__ (-4931)
#define __LDBL_HAS_QUIET_NAN__ 1
#define __FLT64_MANT_DIG__ 53
#define __DYNAMIC__ 1
#define __GNUC__ 9
#define __MMX__ 1
#define __FLT_HAS_DENORM__ 1
#define __SIZEOF_LONG_DOUBLE__ 16
#define __BIGGEST_ALIGNMENT__ 16
#define __FLT64_MAX_10_EXP__ 308
#define __DBL_MAX__ ((double)1.79769313486231570814527423731704357e+308L)
#define __INT_FAST32_MAX__ 0x7fffffff
#define __DBL_HAS_INFINITY__ 1
#define __HAVE_SPECULATION_SAFE_VALUE 1
#define __DEC32_MIN_EXP__ (-94)
#define __INTPTR_WIDTH__ 64
#define __FLT32X_HAS_DENORM__ 1
#define __INT_FAST16_TYPE__ short int
#define __LDBL_HAS_DENORM__ 1
#define __FLT128_HAS_INFINITY__ 1
#define __DEC128_MAX__ 9.999999999999999999999999999999999E6144DL
#define __INT_LEAST32_MAX__ 0x7fffffff
#define __DEC32_MIN__ 1E-95DF
#define __weak 
#define __DBL_MAX_EXP__ 1024
#define __WCHAR_WIDTH__ 32
#define __FLT32_MAX__ 3.40282346638528859811704183484516925e+38F32
#define __DEC128_EPSILON__ 1E-33DL
#define __SSE2_MATH__ 1
#define __ATOMIC_HLE_RELEASE 131072
#define __PTRDIFF_MAX__ 0x7fffffffffffffffL
#define __amd64 1
#define __tune_core2__ 1
#define __ATOMIC_HLE_ACQUIRE 65536
#define __FLT32_HAS_QUIET_NAN__ 1
#define __LONG_LONG_MAX__ 0x7fffffffffffffffLL
#define __SIZEOF_SIZE_T__ 8
#define __FLT64X_MIN_EXP__ (-16381)
#define __SIZEOF_WINT_T__ 4
#define __LONG_LONG_WIDTH__ 64
#define __FLT32_MAX_EXP__ 128
#define __GXX_ABI_VERSION 1013
#define __FLT_MIN_EXP__ (-125)
#define __FLT64X_HAS_QUIET_NAN__ 1
#define __INT_FAST64_TYPE__ long long int
#define __FLT64_DENORM_MIN__ 4.94065645841246544176568792868221372e-324F64
#define __DBL_MIN__ ((double)2.22507385850720138309023271733240406e-308L)
#define __LP64__ 1
#define __FLT32X_EPSILON__ 2.22044604925031308084726333618164062e-16F32x
#define __FLT64_MIN_EXP__ (-1021)
#define __FLT64_MIN_10_EXP__ (-307)
#define __FLT64X_DECIMAL_DIG__ 21
#define __DEC128_MIN__ 1E-6143DL
#define __REGISTER_PREFIX__ 
#define __UINT16_MAX__ 0xffff
#define __DBL_HAS_DENORM__ 1
#define __FLT32_MIN__ 1.17549435082228750796873653722224568e-38F32
#define __UINT8_TYPE__ unsigned char
#define __NO_INLINE__ 1
#define __FLT_MANT_DIG__ 24
#define __LDBL_DECIMAL_DIG__ 21
#define __VERSION__ "9.2.0"
#define __UINT64_C(c) c ## ULL
#define __GCC_ATOMIC_INT_LOCK_FREE 2
#define __FLT128_MAX_EXP__ 16384
#define __FLT32_MANT_DIG__ 24
#define __FLOAT_WORD_ORDER__ __ORDER_LITTLE_ENDIAN__
#define __FLT128_HAS_DENORM__ 1
#define __FLT128_DIG__ 33
#define __SCHAR_WIDTH__ 8
#define __INT32_C(c) c
#define __DEC64_EPSILON__ 1E-15DD
#define __ORDER_PDP_ENDIAN__ 3412
#define __DEC128_MIN_EXP__ (-6142)
#define __FLT32_MAX_10_EXP__ 38
#define __INT_FAST32_TYPE__ int
#define __UINT_LEAST16_TYPE__ short unsigned int
#define __FLT64X_HAS_INFINITY__ 1
#define __INT16_MAX__ 0x7fff
#define __ENVIRONMENT_MAC_OS_X_VERSION_MIN_REQUIRED__ 101500
#define __SIZE_TYPE__ long unsigned int
#define __UINT64_MAX__ 0xffffffffffffffffULL
#define __FLT64X_DIG__ 18
#define __INT8_TYPE__ signed char
#define __GCC_ASM_FLAG_OUTPUTS__ 1
#define __FLT_RADIX__ 2
#define __INT_LEAST16_TYPE__ short int
#define __LDBL_EPSILON__ 1.08420217248550443400745280086994171e-19L
#define __UINTMAX_C(c) c ## UL
#define __SSE_MATH__ 1
#define __k8 1
#define __SIG_ATOMIC_MAX__ 0x7fffffff
#define __GCC_ATOMIC_WCHAR_T_LOCK_FREE 2
#define __SIZEOF_PTRDIFF_T__ 8
#define __FLT32X_MANT_DIG__ 53
#define __x86_64__ 1
#define __FLT32X_MIN_EXP__ (-1021)
#define __DEC32_SUBNORMAL_MIN__ 0.000001E-95DF
#define __INT_FAST16_MAX__ 0x7fff
#define __FLT64_DIG__ 15
#define __UINT_FAST32_MAX__ 0xffffffffU
#define __UINT_LEAST64_TYPE__ long long unsigned int
#define __FLT_HAS_QUIET_NAN__ 1
#define __FLT_MAX_10_EXP__ 38
#define __LONG_MAX__ 0x7fffffffffffffffL
#define __FLT64X_HAS_DENORM__ 1
#define __DEC128_SUBNORMAL_MIN__ 0.000000000000000000000000000000001E-6143DL
#define __FLT_HAS_INFINITY__ 1
#define __UINT_FAST16_TYPE__ short unsigned int
#define __DEC64_MAX__ 9.999999999999999E384DD
#define __INT_FAST32_WIDTH__ 32
#define __CHAR16_TYPE__ short unsigned int
#define __PRAGMA_REDEFINE_EXTNAME 1
#define __SIZE_WIDTH__ 64
#define __SEG_FS 1
#define __INT_LEAST16_MAX__ 0x7fff
#define __DEC64_MANT_DIG__ 16
#define __INT64_MAX__ 0x7fffffffffffffffLL
#define __UINT_LEAST32_MAX__ 0xffffffffU
#define __SEG_GS 1
#define __FLT32_DENORM_MIN__ 1.40129846432481707092372958328991613e-45F32
#define __GCC_ATOMIC_LONG_LOCK_FREE 2
#define __SIG_ATOMIC_WIDTH__ 32
#define __INT_LEAST64_TYPE__ long long int
#define __INT16_TYPE__ short int
#define __INT_LEAST8_TYPE__ signed char
#define __STDC_VERSION__ 201710L
#define __DEC32_MAX_EXP__ 97
#define __INT_FAST8_MAX__ 0x7f
#define __FLT128_MAX__ 1.18973149535723176508575932662800702e+4932F128
#define __INTPTR_MAX__ 0x7fffffffffffffffL
#define __FLT64_HAS_QUIET_NAN__ 1
#define __LITTLE_ENDIAN__ 1
#define __FLT32_MIN_10_EXP__ (-37)
#define __SSE2__ 1
#define __FLT32X_DIG__ 15
#define __LDBL_MANT_DIG__ 64
#define __CONSTANT_CFSTRINGS__ 1
#define __DBL_HAS_QUIET_NAN__ 1
#define __FLT64_HAS_INFINITY__ 1
#define __FLT64X_MAX__ 1.18973149535723176502126385303097021e+4932F64x
#define __SIG_ATOMIC_MIN__ (-__SIG_ATOMIC_MAX__ - 1)
#define __code_model_small__ 1
#define __k8__ 1
#define __INTPTR_TYPE__ long int
#define __UINT16_TYPE__ short unsigned int
#define __WCHAR_TYPE__ int
#define __SIZEOF_FLOAT__ 4
#define __pic__ 2
#define __UINTPTR_MAX__ 0xffffffffffffffffUL
#define __INT_FAST64_WIDTH__ 64
#define __DEC64_MIN_EXP__ (-382)
#define __FLT32_DECIMAL_DIG__ 9
#define __INT_FAST64_MAX__ 0x7fffffffffffffffLL
#define __GCC_ATOMIC_TEST_AND_SET_TRUEVAL 1
#define __FLT_DIG__ 6
#define __FLT32_HAS_INFINITY__ 1
#define __FLT64X_MAX_EXP__ 16384
#define __UINT_FAST64_TYPE__ long long unsigned int
#define __INT_MAX__ 0x7fffffff
#define __MACH__ 1
#define __amd64__ 1
#define __INT64_TYPE__ long long int
#define __FLT_MAX_EXP__ 128
#define __ORDER_BIG_ENDIAN__ 4321
#define __DBL_MANT_DIG__ 53
#define __SIZEOF_FLOAT128__ 16
#define __INT_LEAST64_MAX__ 0x7fffffffffffffffLL
#define __GCC_ATOMIC_CHAR16_T_LOCK_FREE 2
#define __DEC64_MIN__ 1E-383DD
#define __WINT_TYPE__ int
#define __UINT_LEAST32_TYPE__ unsigned int
#define __SIZEOF_SHORT__ 2
#define __SSE__ 1
#define __LDBL_MIN_EXP__ (-16381)
#define __FLT64_MAX__ 1.79769313486231570814527423731704357e+308F64
#define __WINT_WIDTH__ 32
#define __INT_LEAST8_MAX__ 0x7f
#define __FLT32X_MAX_10_EXP__ 308
#define __SIZEOF_INT128__ 16
#define __LDBL_MAX_10_EXP__ 4932
#define __ATOMIC_RELAXED 0
#define __DBL_EPSILON__ ((double)2.22044604925031308084726333618164062e-16L)
#define __FLT128_MIN__ 3.36210314311209350626267781732175260e-4932F128
#define _LP64 1
#define __UINT8_C(c) c
#define __FLT64_MAX_EXP__ 1024
#define __INT_LEAST32_TYPE__ int
#define __SIZEOF_WCHAR_T__ 4
#define __UINT64_TYPE__ long long unsigned int
#define __FLT128_HAS_QUIET_NAN__ 1
#define __INT_FAST8_TYPE__ signed char
#define __FLT64X_MIN__ 3.36210314311209350626267781732175260e-4932F64x
#define __GNUC_STDC_INLINE__ 1
#define __FLT64_HAS_DENORM__ 1
#define __FLT32_EPSILON__ 1.19209289550781250000000000000000000e-7F32
#define __DBL_DECIMAL_DIG__ 17
#define __STDC_UTF_32__ 1
#define __INT_FAST8_WIDTH__ 8
#define __FXSR__ 1
#define __DEC_EVAL_METHOD__ 2
#define __FLT32X_MAX__ 1.79769313486231570814527423731704357e+308F32x
#define __UINT32_C(c) c ## U
#define __INTMAX_MAX__ 0x7fffffffffffffffL
#define __BYTE_ORDER__ __ORDER_LITTLE_ENDIAN__
#define __FLT_DENORM_MIN__ 1.40129846432481707092372958328991613e-45F
#define __INT8_MAX__ 0x7f
#define __LONG_WIDTH__ 64
#define __PIC__ 2
#define __UINT_FAST32_TYPE__ unsigned int
#define __CHAR32_TYPE__ unsigned int
#define __FLT_MAX__ 3.40282346638528859811704183484516925e+38F
#define __INT32_TYPE__ int
#define __SIZEOF_DOUBLE__ 8
#define __FLT_MIN_10_EXP__ (-37)
#define __FLT64_MIN__ 2.22507385850720138309023271733240406e-308F64
#define __INT_LEAST32_WIDTH__ 32
#define __INTMAX_TYPE__ long int
#define __DEC128_MAX_EXP__ 6145
#define __FLT32X_HAS_QUIET_NAN__ 1
#define __ATOMIC_CONSUME 1
#define __GNUC_MINOR__ 2
#define __INT_FAST16_WIDTH__ 16
#define __UINTMAX_MAX__ 0xffffffffffffffffUL
#define __DEC32_MANT_DIG__ 7
#define __FLT32X_DENORM_MIN__ 4.94065645841246544176568792868221372e-324F32x
#define __DBL_MAX_10_EXP__ 308
#define __LDBL_DENORM_MIN__ 3.64519953188247460252840593361941982e-4951L
#define __INT16_C(c) c
#define __STDC__ 1
#define __PTRDIFF_TYPE__ long int
#define __ATOMIC_SEQ_CST 5
#define __UINT32_TYPE__ unsigned int
#define __FLT32X_MIN_10_EXP__ (-307)
#define __UINTPTR_TYPE__ long unsigned int
#define __DEC64_SUBNORMAL_MIN__ 0.000000000000001E-383DD
#define __DEC128_MANT_DIG__ 34
#define __LDBL_MIN_10_EXP__ (-4931)
#define __FLT128_EPSILON__ 1.92592994438723585305597794258492732e-34F128
#define __SIZEOF_LONG_LONG__ 8
#define __FLT128_DECIMAL_DIG__ 36
#define __GCC_ATOMIC_LLONG_LOCK_FREE 2
#define __FLT32X_MIN__ 2.22507385850720138309023271733240406e-308F32x
#define __LDBL_DIG__ 18
#define __FLT_DECIMAL_DIG__ 9
#define __UINT_FAST16_MAX__ 0xffff
#define __GCC_ATOMIC_SHORT_LOCK_FREE 2
#define __INT_LEAST64_WIDTH__ 64
#define __SSE3__ 1
#define __UINT_FAST8_TYPE__ unsigned char
#define __ATOMIC_ACQ_REL 4
#define __ATOMIC_RELEASE 3

find program=['ar'] paths=['/usr/local/opt/make/libexec/gnubin', '/usr/local/opt/llvm/bin', '/usr/local/opt/sqlite/bin', '/usr/texbin', '/usr/local/sbin', '/Users/frankwang/platform-tools', '/Users/frankwang/bin', '/usr/local/opt/python@2/bin', '/usr/local/bin', '/usr/bin', '/bin', '/usr/sbin', '/sbin', '/opt/X11/bin', '/usr/local/CrossPack-AVR/bin', '/usr/local/share/dotnet', '/Library/Frameworks/Mono.framework/Versions/Current/Commands', '/Library/TeX/texbin', '.', '/Applications/Xamarin Workbooks.app/Contents/SharedSupport/path-bin'] var='AR' -> ['/usr/bin/ar']
/usr/local/bin/gcc-9
----------------------------------------
Checking for cc version
9.2.0
----------------------------------------
Checking for 'clang++' (C++ compiler)
find program=['clang++'] paths=['/usr/local/opt/make/libexec/gnubin', '/usr/local/opt/llvm/bin', '/usr/local/opt/sqlite/bin', '/usr/texbin', '/usr/local/sbin', '/Users/frankwang/platform-tools', '/Users/frankwang/bin', '/usr/local/opt/python@2/bin', '/usr/local/bin', '/usr/bin', '/bin', '/usr/sbin', '/sbin', '/opt/X11/bin', '/usr/local/CrossPack-AVR/bin', '/usr/local/share/dotnet', '/Library/Frameworks/Mono.framework/Versions/Current/Commands', '/Library/TeX/texbin', '.', '/Applications/Xamarin Workbooks.app/Contents/SharedSupport/path-bin'] var='CXX' -> ['/usr/local/bin/g++-9']
['/usr/local/bin/g++-9', '-dM', '-E', '-']
out: #define __DBL_MIN_EXP__ (-1021)
#define __FLT32X_MAX_EXP__ 1024
#define __UINT_LEAST16_MAX__ 0xffff
#define __ATOMIC_ACQUIRE 2
#define __FLT128_MAX_10_EXP__ 4932
#define __FLT_MIN__ 1.17549435082228750796873653722224568e-38F
#define __GCC_IEC_559_COMPLEX 2
#define __UINT_LEAST8_TYPE__ unsigned char
#define __SIZEOF_FLOAT80__ 16
#define __INTMAX_C(c) c ## L
#define __CHAR_BIT__ 8
#define __UINT8_MAX__ 0xff
#define __WINT_MAX__ 0x7fffffff
#define __FLT32_MIN_EXP__ (-125)
#define __ORDER_LITTLE_ENDIAN__ 1234
#define __SIZE_MAX__ 0xffffffffffffffffUL
#define __WCHAR_MAX__ 0x7fffffff
#define __GCC_HAVE_SYNC_COMPARE_AND_SWAP_1 1
#define __GCC_HAVE_SYNC_COMPARE_AND_SWAP_2 1
#define __GCC_HAVE_SYNC_COMPARE_AND_SWAP_4 1
#define __DBL_DENORM_MIN__ ((double)4.94065645841246544176568792868221372e-324L)
#define __GCC_HAVE_SYNC_COMPARE_AND_SWAP_8 1
#define __GCC_ATOMIC_CHAR_LOCK_FREE 2
#define __GCC_IEC_559 2
#define __FLT32X_DECIMAL_DIG__ 17
#define __FLT_EVAL_METHOD__ 0
#define __FLT64_DECIMAL_DIG__ 17
#define __GCC_ATOMIC_CHAR32_T_LOCK_FREE 2
#define __x86_64 1
#define __UINT_FAST64_MAX__ 0xffffffffffffffffULL
#define __SIG_ATOMIC_TYPE__ int
#define __DBL_MIN_10_EXP__ (-307)
#define __FINITE_MATH_ONLY__ 0
#define __GNUC_PATCHLEVEL__ 0
#define __FLT32_HAS_DENORM__ 1
#define __UINT_FAST8_MAX__ 0xff
#define __has_include(STR) __has_include__(STR)
#define __DEC64_MAX_EXP__ 385
#define __INT8_C(c) c
#define __INT_LEAST8_WIDTH__ 8
#define __UINT_LEAST64_MAX__ 0xffffffffffffffffULL
#define __SHRT_MAX__ 0x7fff
#define __LDBL_MAX__ 1.18973149535723176502126385303097021e+4932L
#define __FLT64X_MAX_10_EXP__ 4932
#define __UINT_LEAST8_MAX__ 0xff
#define __GCC_ATOMIC_BOOL_LOCK_FREE 2
#define __FLT128_DENORM_MIN__ 6.47517511943802511092443895822764655e-4966F128
#define __APPLE_CC__ 1
#define __UINTMAX_TYPE__ long unsigned int
#define __DEC32_EPSILON__ 1E-6DF
#define __FLT_EVAL_METHOD_TS_18661_3__ 0
#define __UINT32_MAX__ 0xffffffffU
#define __LDBL_MAX_EXP__ 16384
#define __FLT128_MIN_EXP__ (-16381)
#define __WINT_MIN__ (-__WINT_MAX__ - 1)
#define __FLT128_MIN_10_EXP__ (-4931)
#define __INT_LEAST16_WIDTH__ 16
#define __SCHAR_MAX__ 0x7f
#define __FLT128_MANT_DIG__ 113
#define __WCHAR_MIN__ (-__WCHAR_MAX__ - 1)
#define __INT64_C(c) c ## LL
#define __DBL_DIG__ 15
#define __GCC_ATOMIC_POINTER_LOCK_FREE 2
#define __FLT64X_MANT_DIG__ 64
#define __SIZEOF_INT__ 4
#define __SIZEOF_POINTER__ 8
#define __USER_LABEL_PREFIX__ _
#define __FLT64X_EPSILON__ 1.08420217248550443400745280086994171e-19F64x
#define __STDC_HOSTED__ 1
#define __LDBL_HAS_INFINITY__ 1
#define __FLT32_DIG__ 6
#define __FLT_EPSILON__ 1.19209289550781250000000000000000000e-7F
#define __SHRT_WIDTH__ 16
#define __LDBL_MIN__ 3.36210314311209350626267781732175260e-4932L
#define __STDC_UTF_16__ 1
#define __DEC32_MAX__ 9.999999E96DF
#define __strong 
#define __FLT64X_DENORM_MIN__ 3.64519953188247460252840593361941982e-4951F64x
#define __FLT32X_HAS_INFINITY__ 1
#define __INT32_MAX__ 0x7fffffff
#define __INT_WIDTH__ 32
#define __SIZEOF_LONG__ 8
#define __APPLE__ 1
#define __UINT16_C(c) c
#define __PTRDIFF_WIDTH__ 64
#define __DECIMAL_DIG__ 21
#define __FLT64_EPSILON__ 2.22044604925031308084726333618164062e-16F64
#define __INTMAX_WIDTH__ 64
#define __has_include_next(STR) __has_include_next__(STR)
#define __FLT64X_MIN_10_EXP__ (-4931)
#define __LDBL_HAS_QUIET_NAN__ 1
#define __FLT64_MANT_DIG__ 53
#define __DYNAMIC__ 1
#define __GNUC__ 9
#define __MMX__ 1
#define __FLT_HAS_DENORM__ 1
#define __SIZEOF_LONG_DOUBLE__ 16
#define __BIGGEST_ALIGNMENT__ 16
#define __FLT64_MAX_10_EXP__ 308
#define __DBL_MAX__ ((double)1.79769313486231570814527423731704357e+308L)
#define __INT_FAST32_MAX__ 0x7fffffff
#define __DBL_HAS_INFINITY__ 1
#define __HAVE_SPECULATION_SAFE_VALUE 1
#define __DEC32_MIN_EXP__ (-94)
#define __INTPTR_WIDTH__ 64
#define __FLT32X_HAS_DENORM__ 1
#define __INT_FAST16_TYPE__ short int
#define __LDBL_HAS_DENORM__ 1
#define __FLT128_HAS_INFINITY__ 1
#define __DEC128_MAX__ 9.999999999999999999999999999999999E6144DL
#define __INT_LEAST32_MAX__ 0x7fffffff
#define __DEC32_MIN__ 1E-95DF
#define __weak 
#define __DBL_MAX_EXP__ 1024
#define __WCHAR_WIDTH__ 32
#define __FLT32_MAX__ 3.40282346638528859811704183484516925e+38F32
#define __DEC128_EPSILON__ 1E-33DL
#define __SSE2_MATH__ 1
#define __ATOMIC_HLE_RELEASE 131072
#define __PTRDIFF_MAX__ 0x7fffffffffffffffL
#define __amd64 1
#define __tune_core2__ 1
#define __ATOMIC_HLE_ACQUIRE 65536
#define __FLT32_HAS_QUIET_NAN__ 1
#define __LONG_LONG_MAX__ 0x7fffffffffffffffLL
#define __SIZEOF_SIZE_T__ 8
#define __FLT64X_MIN_EXP__ (-16381)
#define __SIZEOF_WINT_T__ 4
#define __LONG_LONG_WIDTH__ 64
#define __FLT32_MAX_EXP__ 128
#define __GXX_ABI_VERSION 1013
#define __FLT_MIN_EXP__ (-125)
#define __FLT64X_HAS_QUIET_NAN__ 1
#define __INT_FAST64_TYPE__ long long int
#define __FLT64_DENORM_MIN__ 4.94065645841246544176568792868221372e-324F64
#define __DBL_MIN__ ((double)2.22507385850720138309023271733240406e-308L)
#define __LP64__ 1
#define __FLT32X_EPSILON__ 2.22044604925031308084726333618164062e-16F32x
#define __FLT64_MIN_EXP__ (-1021)
#define __FLT64_MIN_10_EXP__ (-307)
#define __FLT64X_DECIMAL_DIG__ 21
#define __DEC128_MIN__ 1E-6143DL
#define __REGISTER_PREFIX__ 
#define __UINT16_MAX__ 0xffff
#define __DBL_HAS_DENORM__ 1
#define __FLT32_MIN__ 1.17549435082228750796873653722224568e-38F32
#define __UINT8_TYPE__ unsigned char
#define __NO_INLINE__ 1
#define __FLT_MANT_DIG__ 24
#define __LDBL_DECIMAL_DIG__ 21
#define __VERSION__ "9.2.0"
#define __UINT64_C(c) c ## ULL
#define __GCC_ATOMIC_INT_LOCK_FREE 2
#define __FLT128_MAX_EXP__ 16384
#define __FLT32_MANT_DIG__ 24
#define __FLOAT_WORD_ORDER__ __ORDER_LITTLE_ENDIAN__
#define __FLT128_HAS_DENORM__ 1
#define __FLT128_DIG__ 33
#define __SCHAR_WIDTH__ 8
#define __INT32_C(c) c
#define __DEC64_EPSILON__ 1E-15DD
#define __ORDER_PDP_ENDIAN__ 3412
#define __DEC128_MIN_EXP__ (-6142)
#define __FLT32_MAX_10_EXP__ 38
#define __INT_FAST32_TYPE__ int
#define __UINT_LEAST16_TYPE__ short unsigned int
#define __FLT64X_HAS_INFINITY__ 1
#define __INT16_MAX__ 0x7fff
#define __ENVIRONMENT_MAC_OS_X_VERSION_MIN_REQUIRED__ 101500
#define __SIZE_TYPE__ long unsigned int
#define __UINT64_MAX__ 0xffffffffffffffffULL
#define __FLT64X_DIG__ 18
#define __INT8_TYPE__ signed char
#define __GCC_ASM_FLAG_OUTPUTS__ 1
#define __FLT_RADIX__ 2
#define __INT_LEAST16_TYPE__ short int
#define __LDBL_EPSILON__ 1.08420217248550443400745280086994171e-19L
#define __UINTMAX_C(c) c ## UL
#define __SSE_MATH__ 1
#define __k8 1
#define __SIG_ATOMIC_MAX__ 0x7fffffff
#define __GCC_ATOMIC_WCHAR_T_LOCK_FREE 2
#define __SIZEOF_PTRDIFF_T__ 8
#define __FLT32X_MANT_DIG__ 53
#define __x86_64__ 1
#define __FLT32X_MIN_EXP__ (-1021)
#define __DEC32_SUBNORMAL_MIN__ 0.000001E-95DF
#define __INT_FAST16_MAX__ 0x7fff
#define __FLT64_DIG__ 15
#define __UINT_FAST32_MAX__ 0xffffffffU
#define __UINT_LEAST64_TYPE__ long long unsigned int
#define __FLT_HAS_QUIET_NAN__ 1
#define __FLT_MAX_10_EXP__ 38
#define __LONG_MAX__ 0x7fffffffffffffffL
#define __FLT64X_HAS_DENORM__ 1
#define __DEC128_SUBNORMAL_MIN__ 0.000000000000000000000000000000001E-6143DL
#define __FLT_HAS_INFINITY__ 1
#define __UINT_FAST16_TYPE__ short unsigned int
#define __DEC64_MAX__ 9.999999999999999E384DD
#define __INT_FAST32_WIDTH__ 32
#define __CHAR16_TYPE__ short unsigned int
#define __PRAGMA_REDEFINE_EXTNAME 1
#define __SIZE_WIDTH__ 64
#define __SEG_FS 1
#define __INT_LEAST16_MAX__ 0x7fff
#define __DEC64_MANT_DIG__ 16
#define __INT64_MAX__ 0x7fffffffffffffffLL
#define __UINT_LEAST32_MAX__ 0xffffffffU
#define __SEG_GS 1
#define __FLT32_DENORM_MIN__ 1.40129846432481707092372958328991613e-45F32
#define __GCC_ATOMIC_LONG_LOCK_FREE 2
#define __SIG_ATOMIC_WIDTH__ 32
#define __INT_LEAST64_TYPE__ long long int
#define __INT16_TYPE__ short int
#define __INT_LEAST8_TYPE__ signed char
#define __STDC_VERSION__ 201710L
#define __DEC32_MAX_EXP__ 97
#define __INT_FAST8_MAX__ 0x7f
#define __FLT128_MAX__ 1.18973149535723176508575932662800702e+4932F128
#define __INTPTR_MAX__ 0x7fffffffffffffffL
#define __FLT64_HAS_QUIET_NAN__ 1
#define __LITTLE_ENDIAN__ 1
#define __FLT32_MIN_10_EXP__ (-37)
#define __SSE2__ 1
#define __FLT32X_DIG__ 15
#define __LDBL_MANT_DIG__ 64
#define __CONSTANT_CFSTRINGS__ 1
#define __DBL_HAS_QUIET_NAN__ 1
#define __FLT64_HAS_INFINITY__ 1
#define __FLT64X_MAX__ 1.18973149535723176502126385303097021e+4932F64x
#define __SIG_ATOMIC_MIN__ (-__SIG_ATOMIC_MAX__ - 1)
#define __code_model_small__ 1
#define __k8__ 1
#define __INTPTR_TYPE__ long int
#define __UINT16_TYPE__ short unsigned int
#define __WCHAR_TYPE__ int
#define __SIZEOF_FLOAT__ 4
#define __pic__ 2
#define __UINTPTR_MAX__ 0xffffffffffffffffUL
#define __INT_FAST64_WIDTH__ 64
#define __DEC64_MIN_EXP__ (-382)
#define __FLT32_DECIMAL_DIG__ 9
#define __INT_FAST64_MAX__ 0x7fffffffffffffffLL
#define __GCC_ATOMIC_TEST_AND_SET_TRUEVAL 1
#define __FLT_DIG__ 6
#define __FLT32_HAS_INFINITY__ 1
#define __FLT64X_MAX_EXP__ 16384
#define __UINT_FAST64_TYPE__ long long unsigned int
#define __INT_MAX__ 0x7fffffff
#define __MACH__ 1
#define __amd64__ 1
#define __INT64_TYPE__ long long int
#define __FLT_MAX_EXP__ 128
#define __ORDER_BIG_ENDIAN__ 4321
#define __DBL_MANT_DIG__ 53
#define __SIZEOF_FLOAT128__ 16
#define __INT_LEAST64_MAX__ 0x7fffffffffffffffLL
#define __GCC_ATOMIC_CHAR16_T_LOCK_FREE 2
#define __DEC64_MIN__ 1E-383DD
#define __WINT_TYPE__ int
#define __UINT_LEAST32_TYPE__ unsigned int
#define __SIZEOF_SHORT__ 2
#define __SSE__ 1
#define __LDBL_MIN_EXP__ (-16381)
#define __FLT64_MAX__ 1.79769313486231570814527423731704357e+308F64
#define __WINT_WIDTH__ 32
#define __INT_LEAST8_MAX__ 0x7f
#define __FLT32X_MAX_10_EXP__ 308
#define __SIZEOF_INT128__ 16
#define __LDBL_MAX_10_EXP__ 4932
#define __ATOMIC_RELAXED 0
#define __DBL_EPSILON__ ((double)2.22044604925031308084726333618164062e-16L)
#define __FLT128_MIN__ 3.36210314311209350626267781732175260e-4932F128
#define _LP64 1
#define __UINT8_C(c) c
#define __FLT64_MAX_EXP__ 1024
#define __INT_LEAST32_TYPE__ int
#define __SIZEOF_WCHAR_T__ 4
#define __UINT64_TYPE__ long long unsigned int
#define __FLT128_HAS_QUIET_NAN__ 1
#define __INT_FAST8_TYPE__ signed char
#define __FLT64X_MIN__ 3.36210314311209350626267781732175260e-4932F64x
#define __GNUC_STDC_INLINE__ 1
#define __FLT64_HAS_DENORM__ 1
#define __FLT32_EPSILON__ 1.19209289550781250000000000000000000e-7F32
#define __DBL_DECIMAL_DIG__ 17
#define __STDC_UTF_32__ 1
#define __INT_FAST8_WIDTH__ 8
#define __FXSR__ 1
#define __DEC_EVAL_METHOD__ 2
#define __FLT32X_MAX__ 1.79769313486231570814527423731704357e+308F32x
#define __UINT32_C(c) c ## U
#define __INTMAX_MAX__ 0x7fffffffffffffffL
#define __BYTE_ORDER__ __ORDER_LITTLE_ENDIAN__
#define __FLT_DENORM_MIN__ 1.40129846432481707092372958328991613e-45F
#define __INT8_MAX__ 0x7f
#define __LONG_WIDTH__ 64
#define __PIC__ 2
#define __UINT_FAST32_TYPE__ unsigned int
#define __CHAR32_TYPE__ unsigned int
#define __FLT_MAX__ 3.40282346638528859811704183484516925e+38F
#define __INT32_TYPE__ int
#define __SIZEOF_DOUBLE__ 8
#define __FLT_MIN_10_EXP__ (-37)
#define __FLT64_MIN__ 2.22507385850720138309023271733240406e-308F64
#define __INT_LEAST32_WIDTH__ 32
#define __INTMAX_TYPE__ long int
#define __DEC128_MAX_EXP__ 6145
#define __FLT32X_HAS_QUIET_NAN__ 1
#define __ATOMIC_CONSUME 1
#define __GNUC_MINOR__ 2
#define __INT_FAST16_WIDTH__ 16
#define __UINTMAX_MAX__ 0xffffffffffffffffUL
#define __DEC32_MANT_DIG__ 7
#define __FLT32X_DENORM_MIN__ 4.94065645841246544176568792868221372e-324F32x
#define __DBL_MAX_10_EXP__ 308
#define __LDBL_DENORM_MIN__ 3.64519953188247460252840593361941982e-4951L
#define __INT16_C(c) c
#define __STDC__ 1
#define __PTRDIFF_TYPE__ long int
#define __ATOMIC_SEQ_CST 5
#define __UINT32_TYPE__ unsigned int
#define __FLT32X_MIN_10_EXP__ (-307)
#define __UINTPTR_TYPE__ long unsigned int
#define __DEC64_SUBNORMAL_MIN__ 0.000000000000001E-383DD
#define __DEC128_MANT_DIG__ 34
#define __LDBL_MIN_10_EXP__ (-4931)
#define __FLT128_EPSILON__ 1.92592994438723585305597794258492732e-34F128
#define __SIZEOF_LONG_LONG__ 8
#define __FLT128_DECIMAL_DIG__ 36
#define __GCC_ATOMIC_LLONG_LOCK_FREE 2
#define __FLT32X_MIN__ 2.22507385850720138309023271733240406e-308F32x
#define __LDBL_DIG__ 18
#define __FLT_DECIMAL_DIG__ 9
#define __UINT_FAST16_MAX__ 0xffff
#define __GCC_ATOMIC_SHORT_LOCK_FREE 2
#define __INT_LEAST64_WIDTH__ 64
#define __SSE3__ 1
#define __UINT_FAST8_TYPE__ unsigned char
#define __ATOMIC_ACQ_REL 4
#define __ATOMIC_RELEASE 3

from /Users/frankwang/Misc/ns-3.29: Not clang/clang++
not found
----------------------------------------
Checking for 'g++' (C++ compiler)
find program=['g++', 'c++'] paths=['/usr/local/opt/make/libexec/gnubin', '/usr/local/opt/llvm/bin', '/usr/local/opt/sqlite/bin', '/usr/texbin', '/usr/local/sbin', '/Users/frankwang/platform-tools', '/Users/frankwang/bin', '/usr/local/opt/python@2/bin', '/usr/local/bin', '/usr/bin', '/bin', '/usr/sbin', '/sbin', '/opt/X11/bin', '/usr/local/CrossPack-AVR/bin', '/usr/local/share/dotnet', '/Library/Frameworks/Mono.framework/Versions/Current/Commands', '/Library/TeX/texbin', '.', '/Applications/Xamarin Workbooks.app/Contents/SharedSupport/path-bin'] var='CXX' -> ['/usr/local/bin/g++-9']
['/usr/local/bin/g++-9', '-dM', '-E', '-']
out: #define __DBL_MIN_EXP__ (-1021)
#define __FLT32X_MAX_EXP__ 1024
#define __UINT_LEAST16_MAX__ 0xffff
#define __ATOMIC_ACQUIRE 2
#define __FLT128_MAX_10_EXP__ 4932
#define __FLT_MIN__ 1.17549435082228750796873653722224568e-38F
#define __GCC_IEC_559_COMPLEX 2
#define __UINT_LEAST8_TYPE__ unsigned char
#define __SIZEOF_FLOAT80__ 16
#define __INTMAX_C(c) c ## L
#define __CHAR_BIT__ 8
#define __UINT8_MAX__ 0xff
#define __WINT_MAX__ 0x7fffffff
#define __FLT32_MIN_EXP__ (-125)
#define __ORDER_LITTLE_ENDIAN__ 1234
#define __SIZE_MAX__ 0xffffffffffffffffUL
#define __WCHAR_MAX__ 0x7fffffff
#define __GCC_HAVE_SYNC_COMPARE_AND_SWAP_1 1
#define __GCC_HAVE_SYNC_COMPARE_AND_SWAP_2 1
#define __GCC_HAVE_SYNC_COMPARE_AND_SWAP_4 1
#define __DBL_DENORM_MIN__ ((double)4.94065645841246544176568792868221372e-324L)
#define __GCC_HAVE_SYNC_COMPARE_AND_SWAP_8 1
#define __GCC_ATOMIC_CHAR_LOCK_FREE 2
#define __GCC_IEC_559 2
#define __FLT32X_DECIMAL_DIG__ 17
#define __FLT_EVAL_METHOD__ 0
#define __FLT64_DECIMAL_DIG__ 17
#define __GCC_ATOMIC_CHAR32_T_LOCK_FREE 2
#define __x86_64 1
#define __UINT_FAST64_MAX__ 0xffffffffffffffffULL
#define __SIG_ATOMIC_TYPE__ int
#define __DBL_MIN_10_EXP__ (-307)
#define __FINITE_MATH_ONLY__ 0
#define __GNUC_PATCHLEVEL__ 0
#define __FLT32_HAS_DENORM__ 1
#define __UINT_FAST8_MAX__ 0xff
#define __has_include(STR) __has_include__(STR)
#define __DEC64_MAX_EXP__ 385
#define __INT8_C(c) c
#define __INT_LEAST8_WIDTH__ 8
#define __UINT_LEAST64_MAX__ 0xffffffffffffffffULL
#define __SHRT_MAX__ 0x7fff
#define __LDBL_MAX__ 1.18973149535723176502126385303097021e+4932L
#define __FLT64X_MAX_10_EXP__ 4932
#define __UINT_LEAST8_MAX__ 0xff
#define __GCC_ATOMIC_BOOL_LOCK_FREE 2
#define __FLT128_DENORM_MIN__ 6.47517511943802511092443895822764655e-4966F128
#define __APPLE_CC__ 1
#define __UINTMAX_TYPE__ long unsigned int
#define __DEC32_EPSILON__ 1E-6DF
#define __FLT_EVAL_METHOD_TS_18661_3__ 0
#define __UINT32_MAX__ 0xffffffffU
#define __LDBL_MAX_EXP__ 16384
#define __FLT128_MIN_EXP__ (-16381)
#define __WINT_MIN__ (-__WINT_MAX__ - 1)
#define __FLT128_MIN_10_EXP__ (-4931)
#define __INT_LEAST16_WIDTH__ 16
#define __SCHAR_MAX__ 0x7f
#define __FLT128_MANT_DIG__ 113
#define __WCHAR_MIN__ (-__WCHAR_MAX__ - 1)
#define __INT64_C(c) c ## LL
#define __DBL_DIG__ 15
#define __GCC_ATOMIC_POINTER_LOCK_FREE 2
#define __FLT64X_MANT_DIG__ 64
#define __SIZEOF_INT__ 4
#define __SIZEOF_POINTER__ 8
#define __USER_LABEL_PREFIX__ _
#define __FLT64X_EPSILON__ 1.08420217248550443400745280086994171e-19F64x
#define __STDC_HOSTED__ 1
#define __LDBL_HAS_INFINITY__ 1
#define __FLT32_DIG__ 6
#define __FLT_EPSILON__ 1.19209289550781250000000000000000000e-7F
#define __SHRT_WIDTH__ 16
#define __LDBL_MIN__ 3.36210314311209350626267781732175260e-4932L
#define __STDC_UTF_16__ 1
#define __DEC32_MAX__ 9.999999E96DF
#define __strong 
#define __FLT64X_DENORM_MIN__ 3.64519953188247460252840593361941982e-4951F64x
#define __FLT32X_HAS_INFINITY__ 1
#define __INT32_MAX__ 0x7fffffff
#define __INT_WIDTH__ 32
#define __SIZEOF_LONG__ 8
#define __APPLE__ 1
#define __UINT16_C(c) c
#define __PTRDIFF_WIDTH__ 64
#define __DECIMAL_DIG__ 21
#define __FLT64_EPSILON__ 2.22044604925031308084726333618164062e-16F64
#define __INTMAX_WIDTH__ 64
#define __has_include_next(STR) __has_include_next__(STR)
#define __FLT64X_MIN_10_EXP__ (-4931)
#define __LDBL_HAS_QUIET_NAN__ 1
#define __FLT64_MANT_DIG__ 53
#define __DYNAMIC__ 1
#define __GNUC__ 9
#define __MMX__ 1
#define __FLT_HAS_DENORM__ 1
#define __SIZEOF_LONG_DOUBLE__ 16
#define __BIGGEST_ALIGNMENT__ 16
#define __FLT64_MAX_10_EXP__ 308
#define __DBL_MAX__ ((double)1.79769313486231570814527423731704357e+308L)
#define __INT_FAST32_MAX__ 0x7fffffff
#define __DBL_HAS_INFINITY__ 1
#define __HAVE_SPECULATION_SAFE_VALUE 1
#define __DEC32_MIN_EXP__ (-94)
#define __INTPTR_WIDTH__ 64
#define __FLT32X_HAS_DENORM__ 1
#define __INT_FAST16_TYPE__ short int
#define __LDBL_HAS_DENORM__ 1
#define __FLT128_HAS_INFINITY__ 1
#define __DEC128_MAX__ 9.999999999999999999999999999999999E6144DL
#define __INT_LEAST32_MAX__ 0x7fffffff
#define __DEC32_MIN__ 1E-95DF
#define __weak 
#define __DBL_MAX_EXP__ 1024
#define __WCHAR_WIDTH__ 32
#define __FLT32_MAX__ 3.40282346638528859811704183484516925e+38F32
#define __DEC128_EPSILON__ 1E-33DL
#define __SSE2_MATH__ 1
#define __ATOMIC_HLE_RELEASE 131072
#define __PTRDIFF_MAX__ 0x7fffffffffffffffL
#define __amd64 1
#define __tune_core2__ 1
#define __ATOMIC_HLE_ACQUIRE 65536
#define __FLT32_HAS_QUIET_NAN__ 1
#define __LONG_LONG_MAX__ 0x7fffffffffffffffLL
#define __SIZEOF_SIZE_T__ 8
#define __FLT64X_MIN_EXP__ (-16381)
#define __SIZEOF_WINT_T__ 4
#define __LONG_LONG_WIDTH__ 64
#define __FLT32_MAX_EXP__ 128
#define __GXX_ABI_VERSION 1013
#define __FLT_MIN_EXP__ (-125)
#define __FLT64X_HAS_QUIET_NAN__ 1
#define __INT_FAST64_TYPE__ long long int
#define __FLT64_DENORM_MIN__ 4.94065645841246544176568792868221372e-324F64
#define __DBL_MIN__ ((double)2.22507385850720138309023271733240406e-308L)
#define __LP64__ 1
#define __FLT32X_EPSILON__ 2.22044604925031308084726333618164062e-16F32x
#define __FLT64_MIN_EXP__ (-1021)
#define __FLT64_MIN_10_EXP__ (-307)
#define __FLT64X_DECIMAL_DIG__ 21
#define __DEC128_MIN__ 1E-6143DL
#define __REGISTER_PREFIX__ 
#define __UINT16_MAX__ 0xffff
#define __DBL_HAS_DENORM__ 1
#define __FLT32_MIN__ 1.17549435082228750796873653722224568e-38F32
#define __UINT8_TYPE__ unsigned char
#define __NO_INLINE__ 1
#define __FLT_MANT_DIG__ 24
#define __LDBL_DECIMAL_DIG__ 21
#define __VERSION__ "9.2.0"
#define __UINT64_C(c) c ## ULL
#define __GCC_ATOMIC_INT_LOCK_FREE 2
#define __FLT128_MAX_EXP__ 16384
#define __FLT32_MANT_DIG__ 24
#define __FLOAT_WORD_ORDER__ __ORDER_LITTLE_ENDIAN__
#define __FLT128_HAS_DENORM__ 1
#define __FLT128_DIG__ 33
#define __SCHAR_WIDTH__ 8
#define __INT32_C(c) c
#define __DEC64_EPSILON__ 1E-15DD
#define __ORDER_PDP_ENDIAN__ 3412
#define __DEC128_MIN_EXP__ (-6142)
#define __FLT32_MAX_10_EXP__ 38
#define __INT_FAST32_TYPE__ int
#define __UINT_LEAST16_TYPE__ short unsigned int
#define __FLT64X_HAS_INFINITY__ 1
#define __INT16_MAX__ 0x7fff
#define __ENVIRONMENT_MAC_OS_X_VERSION_MIN_REQUIRED__ 101500
#define __SIZE_TYPE__ long unsigned int
#define __UINT64_MAX__ 0xffffffffffffffffULL
#define __FLT64X_DIG__ 18
#define __INT8_TYPE__ signed char
#define __GCC_ASM_FLAG_OUTPUTS__ 1
#define __FLT_RADIX__ 2
#define __INT_LEAST16_TYPE__ short int
#define __LDBL_EPSILON__ 1.08420217248550443400745280086994171e-19L
#define __UINTMAX_C(c) c ## UL
#define __SSE_MATH__ 1
#define __k8 1
#define __SIG_ATOMIC_MAX__ 0x7fffffff
#define __GCC_ATOMIC_WCHAR_T_LOCK_FREE 2
#define __SIZEOF_PTRDIFF_T__ 8
#define __FLT32X_MANT_DIG__ 53
#define __x86_64__ 1
#define __FLT32X_MIN_EXP__ (-1021)
#define __DEC32_SUBNORMAL_MIN__ 0.000001E-95DF
#define __INT_FAST16_MAX__ 0x7fff
#define __FLT64_DIG__ 15
#define __UINT_FAST32_MAX__ 0xffffffffU
#define __UINT_LEAST64_TYPE__ long long unsigned int
#define __FLT_HAS_QUIET_NAN__ 1
#define __FLT_MAX_10_EXP__ 38
#define __LONG_MAX__ 0x7fffffffffffffffL
#define __FLT64X_HAS_DENORM__ 1
#define __DEC128_SUBNORMAL_MIN__ 0.000000000000000000000000000000001E-6143DL
#define __FLT_HAS_INFINITY__ 1
#define __UINT_FAST16_TYPE__ short unsigned int
#define __DEC64_MAX__ 9.999999999999999E384DD
#define __INT_FAST32_WIDTH__ 32
#define __CHAR16_TYPE__ short unsigned int
#define __PRAGMA_REDEFINE_EXTNAME 1
#define __SIZE_WIDTH__ 64
#define __SEG_FS 1
#define __INT_LEAST16_MAX__ 0x7fff
#define __DEC64_MANT_DIG__ 16
#define __INT64_MAX__ 0x7fffffffffffffffLL
#define __UINT_LEAST32_MAX__ 0xffffffffU
#define __SEG_GS 1
#define __FLT32_DENORM_MIN__ 1.40129846432481707092372958328991613e-45F32
#define __GCC_ATOMIC_LONG_LOCK_FREE 2
#define __SIG_ATOMIC_WIDTH__ 32
#define __INT_LEAST64_TYPE__ long long int
#define __INT16_TYPE__ short int
#define __INT_LEAST8_TYPE__ signed char
#define __STDC_VERSION__ 201710L
#define __DEC32_MAX_EXP__ 97
#define __INT_FAST8_MAX__ 0x7f
#define __FLT128_MAX__ 1.18973149535723176508575932662800702e+4932F128
#define __INTPTR_MAX__ 0x7fffffffffffffffL
#define __FLT64_HAS_QUIET_NAN__ 1
#define __LITTLE_ENDIAN__ 1
#define __FLT32_MIN_10_EXP__ (-37)
#define __SSE2__ 1
#define __FLT32X_DIG__ 15
#define __LDBL_MANT_DIG__ 64
#define __CONSTANT_CFSTRINGS__ 1
#define __DBL_HAS_QUIET_NAN__ 1
#define __FLT64_HAS_INFINITY__ 1
#define __FLT64X_MAX__ 1.18973149535723176502126385303097021e+4932F64x
#define __SIG_ATOMIC_MIN__ (-__SIG_ATOMIC_MAX__ - 1)
#define __code_model_small__ 1
#define __k8__ 1
#define __INTPTR_TYPE__ long int
#define __UINT16_TYPE__ short unsigned int
#define __WCHAR_TYPE__ int
#define __SIZEOF_FLOAT__ 4
#define __pic__ 2
#define __UINTPTR_MAX__ 0xffffffffffffffffUL
#define __INT_FAST64_WIDTH__ 64
#define __DEC64_MIN_EXP__ (-382)
#define __FLT32_DECIMAL_DIG__ 9
#define __INT_FAST64_MAX__ 0x7fffffffffffffffLL
#define __GCC_ATOMIC_TEST_AND_SET_TRUEVAL 1
#define __FLT_DIG__ 6
#define __FLT32_HAS_INFINITY__ 1
#define __FLT64X_MAX_EXP__ 16384
#define __UINT_FAST64_TYPE__ long long unsigned int
#define __INT_MAX__ 0x7fffffff
#define __MACH__ 1
#define __amd64__ 1
#define __INT64_TYPE__ long long int
#define __FLT_MAX_EXP__ 128
#define __ORDER_BIG_ENDIAN__ 4321
#define __DBL_MANT_DIG__ 53
#define __SIZEOF_FLOAT128__ 16
#define __INT_LEAST64_MAX__ 0x7fffffffffffffffLL
#define __GCC_ATOMIC_CHAR16_T_LOCK_FREE 2
#define __DEC64_MIN__ 1E-383DD
#define __WINT_TYPE__ int
#define __UINT_LEAST32_TYPE__ unsigned int
#define __SIZEOF_SHORT__ 2
#define __SSE__ 1
#define __LDBL_MIN_EXP__ (-16381)
#define __FLT64_MAX__ 1.79769313486231570814527423731704357e+308F64
#define __WINT_WIDTH__ 32
#define __INT_LEAST8_MAX__ 0x7f
#define __FLT32X_MAX_10_EXP__ 308
#define __SIZEOF_INT128__ 16
#define __LDBL_MAX_10_EXP__ 4932
#define __ATOMIC_RELAXED 0
#define __DBL_EPSILON__ ((double)2.22044604925031308084726333618164062e-16L)
#define __FLT128_MIN__ 3.36210314311209350626267781732175260e-4932F128
#define _LP64 1
#define __UINT8_C(c) c
#define __FLT64_MAX_EXP__ 1024
#define __INT_LEAST32_TYPE__ int
#define __SIZEOF_WCHAR_T__ 4
#define __UINT64_TYPE__ long long unsigned int
#define __FLT128_HAS_QUIET_NAN__ 1
#define __INT_FAST8_TYPE__ signed char
#define __FLT64X_MIN__ 3.36210314311209350626267781732175260e-4932F64x
#define __GNUC_STDC_INLINE__ 1
#define __FLT64_HAS_DENORM__ 1
#define __FLT32_EPSILON__ 1.19209289550781250000000000000000000e-7F32
#define __DBL_DECIMAL_DIG__ 17
#define __STDC_UTF_32__ 1
#define __INT_FAST8_WIDTH__ 8
#define __FXSR__ 1
#define __DEC_EVAL_METHOD__ 2
#define __FLT32X_MAX__ 1.79769313486231570814527423731704357e+308F32x
#define __UINT32_C(c) c ## U
#define __INTMAX_MAX__ 0x7fffffffffffffffL
#define __BYTE_ORDER__ __ORDER_LITTLE_ENDIAN__
#define __FLT_DENORM_MIN__ 1.40129846432481707092372958328991613e-45F
#define __INT8_MAX__ 0x7f
#define __LONG_WIDTH__ 64
#define __PIC__ 2
#define __UINT_FAST32_TYPE__ unsigned int
#define __CHAR32_TYPE__ unsigned int
#define __FLT_MAX__ 3.40282346638528859811704183484516925e+38F
#define __INT32_TYPE__ int
#define __SIZEOF_DOUBLE__ 8
#define __FLT_MIN_10_EXP__ (-37)
#define __FLT64_MIN__ 2.22507385850720138309023271733240406e-308F64
#define __INT_LEAST32_WIDTH__ 32
#define __INTMAX_TYPE__ long int
#define __DEC128_MAX_EXP__ 6145
#define __FLT32X_HAS_QUIET_NAN__ 1
#define __ATOMIC_CONSUME 1
#define __GNUC_MINOR__ 2
#define __INT_FAST16_WIDTH__ 16
#define __UINTMAX_MAX__ 0xffffffffffffffffUL
#define __DEC32_MANT_DIG__ 7
#define __FLT32X_DENORM_MIN__ 4.94065645841246544176568792868221372e-324F32x
#define __DBL_MAX_10_EXP__ 308
#define __LDBL_DENORM_MIN__ 3.64519953188247460252840593361941982e-4951L
#define __INT16_C(c) c
#define __STDC__ 1
#define __PTRDIFF_TYPE__ long int
#define __ATOMIC_SEQ_CST 5
#define __UINT32_TYPE__ unsigned int
#define __FLT32X_MIN_10_EXP__ (-307)
#define __UINTPTR_TYPE__ long unsigned int
#define __DEC64_SUBNORMAL_MIN__ 0.000000000000001E-383DD
#define __DEC128_MANT_DIG__ 34
#define __LDBL_MIN_10_EXP__ (-4931)
#define __FLT128_EPSILON__ 1.92592994438723585305597794258492732e-34F128
#define __SIZEOF_LONG_LONG__ 8
#define __FLT128_DECIMAL_DIG__ 36
#define __GCC_ATOMIC_LLONG_LOCK_FREE 2
#define __FLT32X_MIN__ 2.22507385850720138309023271733240406e-308F32x
#define __LDBL_DIG__ 18
#define __FLT_DECIMAL_DIG__ 9
#define __UINT_FAST16_MAX__ 0xffff
#define __GCC_ATOMIC_SHORT_LOCK_FREE 2
#define __INT_LEAST64_WIDTH__ 64
#define __SSE3__ 1
#define __UINT_FAST8_TYPE__ unsigned char
#define __ATOMIC_ACQ_REL 4
#define __ATOMIC_RELEASE 3

find program=['ar'] paths=['/usr/local/opt/make/libexec/gnubin', '/usr/local/opt/llvm/bin', '/usr/local/opt/sqlite/bin', '/usr/texbin', '/usr/local/sbin', '/Users/frankwang/platform-tools', '/Users/frankwang/bin', '/usr/local/opt/python@2/bin', '/usr/local/bin', '/usr/bin', '/bin', '/usr/sbin', '/sbin', '/opt/X11/bin', '/usr/local/CrossPack-AVR/bin', '/usr/local/share/dotnet', '/Library/Frameworks/Mono.framework/Versions/Current/Commands', '/Library/TeX/texbin', '.', '/Applications/Xamarin Workbooks.app/Contents/SharedSupport/path-bin'] var='AR' -> ['/usr/bin/ar']
/usr/local/bin/g++-9
------------------------------------------------
Checking for compilation flag -std=c++11 support
==>
int main() { return 0; }
<==
[1/1] Compiling [32mbuild/.conf_check_5ad708c1ad7483622db8b5421bc03ce0/test.cpp[0m

['/usr/local/bin/g++-9', '-O0', '-ggdb', '-g3', '-Wall', '-Werror', '-std=c++11', '-DNS3_BUILD_PROFILE_DEBUG', '-DNS3_ASSERT_ENABLE', '-DNS3_LOG_ENABLE', '../test.cpp', '-c', '-o/Users/frankwang/Misc/ns-3.29/build/.conf_check_5ad708c1ad7483622db8b5421bc03ce0/testbuild/test.cpp.1.o']
ok
------------------------------------------------
Checking for program 'python'
/usr/local/opt/python@2/bin/python2.7
find program=['python'] paths=['/usr/local/opt/make/libexec/gnubin', '/usr/local/opt/llvm/bin', '/usr/local/opt/sqlite/bin', '/usr/texbin', '/usr/local/sbin', '/Users/frankwang/platform-tools', '/Users/frankwang/bin', '/usr/local/opt/python@2/bin', '/usr/local/bin', '/usr/bin', '/bin', '/usr/sbin', '/sbin', '/opt/X11/bin', '/usr/local/CrossPack-AVR/bin', '/usr/local/share/dotnet', '/Library/Frameworks/Mono.framework/Versions/Current/Commands', '/Library/TeX/texbin', '.', '/Applications/Xamarin Workbooks.app/Contents/SharedSupport/path-bin'] var='PYTHON' -> ['/usr/local/opt/python@2/bin/python2.7']
['/usr/local/opt/python@2/bin/python2.7', '-c', 'import imp;print(imp.get_tag())']
err: Traceback (most recent call last):
  File "<string>", line 1, in <module>
AttributeError: 'module' object has no attribute 'get_tag'

['/usr/local/opt/python@2/bin/python2.7', '-c', 'import sys\nfor x in sys.version_info: print(str(x))']
out: 2
7
17
final
0

['/usr/local/opt/python@2/bin/python2.7', '-c', "from distutils.sysconfig import get_config_var, get_python_lib\n\nprint(repr(get_python_lib(standard_lib=0, prefix='/usr/local') or ''))"]
out: '/usr/local/lib/python2.7/site-packages'

'/usr/local/lib/python2.7/site-packages'

['/usr/local/opt/python@2/bin/python2.7', '-c', "from distutils.sysconfig import get_config_var, get_python_lib\n\nprint(repr(get_python_lib(plat_specific=1, standard_lib=0, prefix='/usr/local') or ''))"]
out: '/usr/local/lib/python2.7/site-packages'

'/usr/local/lib/python2.7/site-packages'

------------------------------------------------
Checking for python version >= 2.3
2.7.17
['/usr/local/opt/python@2/bin/python2.7', '-c', "from distutils.sysconfig import get_config_var, get_python_lib\n\nprint(repr(get_config_var('prefix') or ''))\nprint(repr(get_config_var('SO') or ''))\nprint(repr(get_config_var('LDFLAGS') or ''))\nprint(repr(get_config_var('LIBDIR') or ''))\nprint(repr(get_config_var('LIBPL') or ''))\nprint(repr(get_config_var('INCLUDEPY') or ''))\nprint(repr(get_config_var('Py_ENABLE_SHARED') or ''))\nprint(repr(get_config_var('MACOSX_DEPLOYMENT_TARGET') or ''))\nprint(repr(get_config_var('LDSHARED') or ''))\nprint(repr(get_config_var('CFLAGS') or ''))\nprint(repr(get_config_var('LDVERSION') or ''))"]
out: '/usr/local/Cellar/python@2/2.7.17/Frameworks/Python.framework/Versions/2.7'
'.so'
'-isysroot /Applications/Xcode.app/Contents/Developer/Platforms/MacOSX.platform/Developer/SDKs/MacOSX10.15.sdk'
'/usr/local/opt/python@2/Frameworks/Python.framework/Versions/2.7/lib'
'/usr/local/opt/python@2/Frameworks/Python.framework/Versions/2.7/lib/python2.7/config'
'/usr/local/opt/python@2/Frameworks/Python.framework/Versions/2.7/include/python2.7'
''
'10.15'
'clang -bundle -undefined dynamic_lookup -isysroot /Applications/Xcode.app/Contents/Developer/Platforms/MacOSX.platform/Developer/SDKs/MacOSX10.15.sdk'
'-fno-strict-aliasing -fno-common -dynamic -isysroot /Applications/Xcode.app/Contents/Developer/Platforms/MacOSX.platform/Developer/SDKs/MacOSX10.15.sdk -I/Applications/Xcode.app/Contents/Developer/Platforms/MacOSX.platform/Developer/SDKs/MacOSX10.15.sdk/usr/include -I/Applications/Xcode.app/Contents/Developer/Platforms/MacOSX.platform/Developer/SDKs/MacOSX10.15.sdk/System/Library/Frameworks/Tk.framework/Versions/8.5/Headers -DNDEBUG -g -fwrapv -O3 -Wall -Wstrict-prototypes'
''

'/usr/local/Cellar/python@2/2.7.17/Frameworks/Python.framework/Versions/2.7'
'.so'
'-isysroot /Applications/Xcode.app/Contents/Developer/Platforms/MacOSX.platform/Developer/SDKs/MacOSX10.15.sdk'
'/usr/local/opt/python@2/Frameworks/Python.framework/Versions/2.7/lib'
'/usr/local/opt/python@2/Frameworks/Python.framework/Versions/2.7/lib/python2.7/config'
'/usr/local/opt/python@2/Frameworks/Python.framework/Versions/2.7/include/python2.7'
''
'10.15'
'clang -bundle -undefined dynamic_lookup -isysroot /Applications/Xcode.app/Contents/Developer/Platforms/MacOSX.platform/Developer/SDKs/MacOSX10.15.sdk'
'-fno-strict-aliasing -fno-common -dynamic -isysroot /Applications/Xcode.app/Contents/Developer/Platforms/MacOSX.platform/Developer/SDKs/MacOSX10.15.sdk -I/Applications/Xcode.app/Contents/Developer/Platforms/MacOSX.platform/Developer/SDKs/MacOSX10.15.sdk/usr/include -I/Applications/Xcode.app/Contents/Developer/Platforms/MacOSX.platform/Developer/SDKs/MacOSX10.15.sdk/System/Library/Frameworks/Tk.framework/Versions/8.5/Headers -DNDEBUG -g -fwrapv -O3 -Wall -Wstrict-prototypes'
''

Configuration returned from ['/usr/local/opt/python@2/bin/python2.7']:
prefix = '/usr/local/Cellar/python@2/2.7.17/Frameworks/Python.framework/Versions/2.7'
SO = '.so'
LDFLAGS = '-isysroot /Applications/Xcode.app/Contents/Developer/Platforms/MacOSX.platform/Developer/SDKs/MacOSX10.15.sdk'
LIBDIR = '/usr/local/opt/python@2/Frameworks/Python.framework/Versions/2.7/lib'
LIBPL = '/usr/local/opt/python@2/Frameworks/Python.framework/Versions/2.7/lib/python2.7/config'
INCLUDEPY = '/usr/local/opt/python@2/Frameworks/Python.framework/Versions/2.7/include/python2.7'
Py_ENABLE_SHARED = ''
MACOSX_DEPLOYMENT_TARGET = '10.15'
LDSHARED = 'clang -bundle -undefined dynamic_lookup -isysroot /Applications/Xcode.app/Contents/Developer/Platforms/MacOSX.platform/Developer/SDKs/MacOSX10.15.sdk'
CFLAGS = '-fno-strict-aliasing -fno-common -dynamic -isysroot /Applications/Xcode.app/Contents/Developer/Platforms/MacOSX.platform/Developer/SDKs/MacOSX10.15.sdk -I/Applications/Xcode.app/Contents/Developer/Platforms/MacOSX.platform/Developer/SDKs/MacOSX10.15.sdk/usr/include -I/Applications/Xcode.app/Contents/Developer/Platforms/MacOSX.platform/Developer/SDKs/MacOSX10.15.sdk/System/Library/Frameworks/Tk.framework/Versions/8.5/Headers -DNDEBUG -g -fwrapv -O3 -Wall -Wstrict-prototypes'
LDVERSION = ''

------------------------------------------------
python-config
/usr/local/opt/python@2/bin/python2.7-config
find program=['/usr/local/opt/python@2/bin/python2.7-config', 'python2.7-config', 'python-config-2.7', 'python2.7m-config'] paths=['/usr/local/opt/make/libexec/gnubin', '/usr/local/opt/llvm/bin', '/usr/local/opt/sqlite/bin', '/usr/texbin', '/usr/local/sbin', '/Users/frankwang/platform-tools', '/Users/frankwang/bin', '/usr/local/opt/python@2/bin', '/usr/local/bin', '/usr/bin', '/bin', '/usr/sbin', '/sbin', '/opt/X11/bin', '/usr/local/CrossPack-AVR/bin', '/usr/local/share/dotnet', '/Library/Frameworks/Mono.framework/Versions/Current/Commands', '/Library/TeX/texbin', '.', '/Applications/Xamarin Workbooks.app/Contents/SharedSupport/path-bin'] var='PYTHON_CONFIG' -> ['/usr/local/opt/python@2/bin/python2.7-config']
------------------------------------------------------------------
Asking python-config for pyembed '--cflags --libs --ldflags' flags
['/usr/local/opt/python@2/bin/python2.7-config', '--cflags', '--libs', '--ldflags']
out: -I/usr/local/Cellar/python@2/2.7.17/Frameworks/Python.framework/Versions/2.7/include/python2.7 -I/usr/local/Cellar/python@2/2.7.17/Frameworks/Python.framework/Versions/2.7/include/python2.7 -fno-strict-aliasing -fno-common -dynamic -isysroot /Applications/Xcode.app/Contents/Developer/Platforms/MacOSX.platform/Developer/SDKs/MacOSX10.15.sdk -I/Applications/Xcode.app/Contents/Developer/Platforms/MacOSX.platform/Developer/SDKs/MacOSX10.15.sdk/usr/include -I/Applications/Xcode.app/Contents/Developer/Platforms/MacOSX.platform/Developer/SDKs/MacOSX10.15.sdk/System/Library/Frameworks/Tk.framework/Versions/8.5/Headers -DNDEBUG -g -fwrapv -O3 -Wall -Wstrict-prototypes
-lpython2.7 -ldl -framework CoreFoundation
-L/usr/local/opt/python@2/Frameworks/Python.framework/Versions/2.7/lib/python2.7/config -lpython2.7 -ldl -framework CoreFoundation

Unhandled flag '-Wall'
Unhandled flag '-Wstrict-prototypes'
yes
------------------------------------------------------------------
Testing pyembed configuration
==>

#include <Python.h>
#ifdef __cplusplus
extern "C" {
#endif
	void Py_Initialize(void);
	void Py_Finalize(void);
#ifdef __cplusplus
}
#endif
int main(int argc, char **argv)
{
   (void)argc; (void)argv;
   Py_Initialize();
   Py_Finalize();
   return 0;
}

<==
[1/2] Compiling [32mbuild/.conf_check_be684e9c2a6469517317eb6a9d5fc6ff/test.cpp[0m

['/usr/local/bin/g++-9', '-O0', '-ggdb', '-g3', '-Wall', '-Werror', '-std=c++11', '-fno-strict-aliasing', '-fno-common', '-dynamic', '-isysroot', '/Applications/Xcode.app/Contents/Developer/Platforms/MacOSX.platform/Developer/SDKs/MacOSX10.15.sdk', '-g', '-fwrapv', '-O3', '-I/usr/local/Cellar/python@2/2.7.17/Frameworks/Python.framework/Versions/2.7/include/python2.7', '-I/Applications/Xcode.app/Contents/Developer/Platforms/MacOSX.platform/Developer/SDKs/MacOSX10.15.sdk/usr/include', '-I/Applications/Xcode.app/Contents/Developer/Platforms/MacOSX.platform/Developer/SDKs/MacOSX10.15.sdk/System/Library/Frameworks/Tk.framework/Versions/8.5/Headers', '-DNS3_BUILD_PROFILE_DEBUG', '-DNS3_ASSERT_ENABLE', '-DNS3_LOG_ENABLE', '-DPYTHONDIR="/usr/local/lib/python2.7/site-packages"', '-DPYTHONARCHDIR="/usr/local/lib/python2.7/site-packages"', '-DNDEBUG', '../test.cpp', '-c', '-o/Users/frankwang/Misc/ns-3.29/build/.conf_check_be684e9c2a6469517317eb6a9d5fc6ff/testbuild/test.cpp.1.o']
[2/2] Linking [33mbuild/.conf_check_be684e9c2a6469517317eb6a9d5fc6ff/testbuild/testprog[0m

['/usr/local/bin/g++-9', 'test.cpp.1.o', '-o/Users/frankwang/Misc/ns-3.29/build/.conf_check_be684e9c2a6469517317eb6a9d5fc6ff/testbuild/testprog', '-framework', 'CoreFoundation', '-L/usr/local/opt/python@2/Frameworks/Python.framework/Versions/2.7/lib/python2.7/config', '-lpython2.7', '-ldl', '-lpython2.7', '-ldl']
yes
------------------------------------------------------------------
Asking python-config for pyext '--cflags --libs --ldflags' flags
['/usr/local/opt/python@2/bin/python2.7-config', '--cflags', '--libs', '--ldflags']
out: -I/usr/local/Cellar/python@2/2.7.17/Frameworks/Python.framework/Versions/2.7/include/python2.7 -I/usr/local/Cellar/python@2/2.7.17/Frameworks/Python.framework/Versions/2.7/include/python2.7 -fno-strict-aliasing -fno-common -dynamic -isysroot /Applications/Xcode.app/Contents/Developer/Platforms/MacOSX.platform/Developer/SDKs/MacOSX10.15.sdk -I/Applications/Xcode.app/Contents/Developer/Platforms/MacOSX.platform/Developer/SDKs/MacOSX10.15.sdk/usr/include -I/Applications/Xcode.app/Contents/Developer/Platforms/MacOSX.platform/Developer/SDKs/MacOSX10.15.sdk/System/Library/Frameworks/Tk.framework/Versions/8.5/Headers -DNDEBUG -g -fwrapv -O3 -Wall -Wstrict-prototypes
-lpython2.7 -ldl -framework CoreFoundation
-L/usr/local/opt/python@2/Frameworks/Python.framework/Versions/2.7/lib/python2.7/config -lpython2.7 -ldl -framework CoreFoundation

Unhandled flag '-Wall'
Unhandled flag '-Wstrict-prototypes'
yes
------------------------------------------------------------------
Testing pyext configuration
==>

#include <Python.h>
#ifdef __cplusplus
extern "C" {
#endif
	void Py_Initialize(void);
	void Py_Finalize(void);
#ifdef __cplusplus
}
#endif
int main(int argc, char **argv)
{
   (void)argc; (void)argv;
   Py_Initialize();
   Py_Finalize();
   return 0;
}

<==
[1/2] Compiling [32mbuild/.conf_check_b30102ff8a291a3fde4c83b3a16e7a88/test.cpp[0m

['/usr/local/bin/g++-9', '-O0', '-ggdb', '-g3', '-Wall', '-Werror', '-std=c++11', '-fPIC', '-fno-strict-aliasing', '-fno-common', '-dynamic', '-isysroot', '/Applications/Xcode.app/Contents/Developer/Platforms/MacOSX.platform/Developer/SDKs/MacOSX10.15.sdk', '-g', '-fwrapv', '-O3', '-fPIC', '-I/usr/local/Cellar/python@2/2.7.17/Frameworks/Python.framework/Versions/2.7/include/python2.7', '-I/Applications/Xcode.app/Contents/Developer/Platforms/MacOSX.platform/Developer/SDKs/MacOSX10.15.sdk/usr/include', '-I/Applications/Xcode.app/Contents/Developer/Platforms/MacOSX.platform/Developer/SDKs/MacOSX10.15.sdk/System/Library/Frameworks/Tk.framework/Versions/8.5/Headers', '-DNS3_BUILD_PROFILE_DEBUG', '-DNS3_ASSERT_ENABLE', '-DNS3_LOG_ENABLE', '-DPYTHONDIR="/usr/local/lib/python2.7/site-packages"', '-DPYTHONARCHDIR="/usr/local/lib/python2.7/site-packages"', '-DHAVE_PYEMBED=1', '-DNDEBUG', '../test.cpp', '-c', '-o/Users/frankwang/Misc/ns-3.29/build/.conf_check_b30102ff8a291a3fde4c83b3a16e7a88/testbuild/test.cpp.1.o']
[2/2] Linking [33mbuild/.conf_check_b30102ff8a291a3fde4c83b3a16e7a88/testbuild/testprog.so[0m

['/usr/local/bin/g++-9', '-bundle', '-undefined', 'dynamic_lookup', 'test.cpp.1.o', '-o/Users/frankwang/Misc/ns-3.29/build/.conf_check_b30102ff8a291a3fde4c83b3a16e7a88/testbuild/testprog.so', '-framework', 'CoreFoundation', '-L/usr/local/opt/python@2/Frameworks/Python.framework/Versions/2.7/lib/python2.7/config', '-lpython2.7', '-ldl', '-lpython2.7', '-ldl']
yes
------------------------------------------------------------------
Checking for compilation flag -fvisibility=hidden support
==>
int main() { return 0; }
<==
[1/1] Compiling [32mbuild/.conf_check_5ad708c1ad7483622db8b5421bc03ce0/test.cpp[0m

['/usr/local/bin/g++-9', '-O0', '-ggdb', '-g3', '-Wall', '-Werror', '-std=c++11', '-fvisibility=hidden', '-DNS3_BUILD_PROFILE_DEBUG', '-DNS3_ASSERT_ENABLE', '-DNS3_LOG_ENABLE', '-DPYTHONDIR="/usr/local/lib/python2.7/site-packages"', '-DPYTHONARCHDIR="/usr/local/lib/python2.7/site-packages"', '-DHAVE_PYEMBED=1', '-DHAVE_PYEXT=1', '-DHAVE_PYTHON_H=1', '../test.cpp', '-c', '-o/Users/frankwang/Misc/ns-3.29/build/.conf_check_5ad708c1ad7483622db8b5421bc03ce0/testbuild/test.cpp.1.o']
ok
------------------------------------------------------------------
Checking for compilation flag -Wno-array-bounds support
==>
int main() { return 0; }
<==
[1/1] Compiling [32mbuild/.conf_check_5ad708c1ad7483622db8b5421bc03ce0/test.cpp[0m

['/usr/local/bin/g++-9', '-O0', '-ggdb', '-g3', '-Wall', '-Werror', '-std=c++11', '-Wno-array-bounds', '-DNS3_BUILD_PROFILE_DEBUG', '-DNS3_ASSERT_ENABLE', '-DNS3_LOG_ENABLE', '-DPYTHONDIR="/usr/local/lib/python2.7/site-packages"', '-DPYTHONARCHDIR="/usr/local/lib/python2.7/site-packages"', '-DHAVE_PYEMBED=1', '-DHAVE_PYEXT=1', '-DHAVE_PYTHON_H=1', '../test.cpp', '-c', '-o/Users/frankwang/Misc/ns-3.29/build/.conf_check_5ad708c1ad7483622db8b5421bc03ce0/testbuild/test.cpp.1.o']
ok
------------------------------------------------------------------
Checking for pybindgen location
not found
------------------------------------------------------------------
Checking for python module 'pybindgen'
['/usr/local/opt/python@2/bin/python2.7', '-c', "\nimport pybindgen as current_module\nversion = getattr(current_module, '__version__', None)\nif version is not None:\n\tprint(str(version))\nelse:\n\tprint('unknown version')\n"]
out: 0.19.0

0.19.0
------------------------------------------------------------------
Checking for pybindgen version
0.19.0
------------------------------------------------------------------
Checking for code snippet
==>

#include <stdint.h>
#include <vector>

int main ()
{
   std::vector< uint64_t > t = std::vector< unsigned long > ();
   return 0;
}

<==
[1/1] Compiling [32mbuild/.conf_check_04608dbaed2a6e5ed9a3bdaf92a91719/test.cpp[0m

['/usr/local/bin/g++-9', '-O0', '-ggdb', '-g3', '-Wall', '-Werror', '-std=c++11', '-DNS3_BUILD_PROFILE_DEBUG', '-DNS3_ASSERT_ENABLE', '-DNS3_LOG_ENABLE', '-DPYTHONDIR="/usr/local/lib/python2.7/site-packages"', '-DPYTHONARCHDIR="/usr/local/lib/python2.7/site-packages"', '-DHAVE_PYEMBED=1', '-DHAVE_PYEXT=1', '-DHAVE_PYTHON_H=1', '../test.cpp', '-c', '-o/Users/frankwang/Misc/ns-3.29/build/.conf_check_04608dbaed2a6e5ed9a3bdaf92a91719/testbuild/test.cpp.1.o']
err: ../test.cpp: In function 'int main()':
../test.cpp:7:37: error: conversion from 'vector<long unsigned int>' to non-scalar type 'vector<long long unsigned int>' requested
    7 |    std::vector< uint64_t > t = std::vector< unsigned long > ();
      |                                     ^~~~~~~~~~~~~~~~~~~~~~~~~~

from /Users/frankwang/Misc/ns-3.29/bindings/python: Test does not build: Traceback (most recent call last):
  File "/Users/frankwang/Misc/ns-3.29/.waf-2.0.9-897e824215d3dab2b64982d8af27db90/waflib/Configure.py", line 324, in run_build
    bld.compile()
  File "/Users/frankwang/Misc/ns-3.29/.waf-2.0.9-897e824215d3dab2b64982d8af27db90/waflib/Build.py", line 176, in compile
    raise Errors.BuildError(self.producer.error)
BuildError: Build failed
 -> task in 'testprog' failed with exit status 1 (run with -v to display more information)

no
from /Users/frankwang/Misc/ns-3.29/bindings/python: The configuration failed
------------------------------------------------------------------
Checking for types uint64_t and unsigned long equivalence
yes
------------------------------------------------------------------
Checking for code snippet
==>

#include <stdint.h>
#include <vector>

int main ()
{
   std::vector< uint64_t > t = std::vector< unsigned long long > ();
   return 0;
}

<==
[1/1] Compiling [32mbuild/.conf_check_19d5a18fad0ba291cc62707729e0d84e/test.cpp[0m

['/usr/local/bin/g++-9', '-O0', '-ggdb', '-g3', '-Wall', '-Werror', '-std=c++11', '-DNS3_BUILD_PROFILE_DEBUG', '-DNS3_ASSERT_ENABLE', '-DNS3_LOG_ENABLE', '-DPYTHONDIR="/usr/local/lib/python2.7/site-packages"', '-DPYTHONARCHDIR="/usr/local/lib/python2.7/site-packages"', '-DHAVE_PYEMBED=1', '-DHAVE_PYEXT=1', '-DHAVE_PYTHON_H=1', '../test.cpp', '-c', '-o/Users/frankwang/Misc/ns-3.29/build/.conf_check_19d5a18fad0ba291cc62707729e0d84e/testbuild/test.cpp.1.o']
yes
------------------------------------------------------------------
Checking for types uint64_t and unsigned long long equivalence
no
------------------------------------------------------------------
Checking for the apidefs that can be used for Python bindings
gcc-ILP32
------------------------------------------------------------------
Checking for internal GCC cxxabi
==>

# include <cxxabi.h>
int main ()
{
   const abi::__si_class_type_info *_typeinfo  __attribute__((unused)) = NULL;
   return 0;
}

<==
[1/2] Compiling [32mbuild/.conf_check_2f0a96a6acdebfb8a714d7364bff298b/test.cpp[0m

['/usr/local/bin/g++-9', '-O0', '-ggdb', '-g3', '-Wall', '-Werror', '-std=c++11', '-DNS3_BUILD_PROFILE_DEBUG', '-DNS3_ASSERT_ENABLE', '-DNS3_LOG_ENABLE', '-DPYTHONDIR="/usr/local/lib/python2.7/site-packages"', '-DPYTHONARCHDIR="/usr/local/lib/python2.7/site-packages"', '-DHAVE_PYEMBED=1', '-DHAVE_PYEXT=1', '-DHAVE_PYTHON_H=1', '../test.cpp', '-c', '-o/Users/frankwang/Misc/ns-3.29/build/.conf_check_2f0a96a6acdebfb8a714d7364bff298b/testbuild/test.cpp.1.o']
[2/2] Linking [33mbuild/.conf_check_2f0a96a6acdebfb8a714d7364bff298b/testbuild/testprog[0m

['/usr/local/bin/g++-9', 'test.cpp.1.o', '-o/Users/frankwang/Misc/ns-3.29/build/.conf_check_2f0a96a6acdebfb8a714d7364bff298b/testbuild/testprog']
complete
------------------------------------------------------------------
Checking for python module 'pygccxml'
['/usr/local/opt/python@2/bin/python2.7', '-c', "\nimport pygccxml as current_module\nversion = getattr(current_module, '__version__', None)\nif version is not None:\n\tprint(str(version))\nelse:\n\tprint('unknown version')\n"]
out: 1.9.1

1.9.1
------------------------------------------------------------------
Checking for pygccxml version
1.9.1
------------------------------------------------------------------
Checking for program 'castxml'
not found
find program=['castxml'] paths=['/usr/local/opt/make/libexec/gnubin', '/usr/local/opt/llvm/bin', '/usr/local/opt/sqlite/bin', '/usr/texbin', '/usr/local/sbin', '/Users/frankwang/platform-tools', '/Users/frankwang/bin', '/usr/local/opt/python@2/bin', '/usr/local/bin', '/usr/bin', '/bin', '/usr/sbin', '/sbin', '/opt/X11/bin', '/usr/local/CrossPack-AVR/bin', '/usr/local/share/dotnet', '/Library/Frameworks/Mono.framework/Versions/Current/Commands', '/Library/TeX/texbin', '.', '/Applications/Xamarin Workbooks.app/Contents/SharedSupport/path-bin'] var='CASTXML' -> None
from /Users/frankwang/Misc/ns-3.29/bindings/python: Could not find the program ['castxml']
------------------------------------------------------------------
Checking boost includes
1_71
------------------------------------------------------------------
Checking boost libs
Found the boost path in /usr/local/lib with the libraries:
    /usr/local/lib/libboost_atomic-mt.a
    /usr/local/lib/libboost_atomic-mt.dylib
    /usr/local/lib/libboost_chrono-mt.a
    /usr/local/lib/libboost_chrono-mt.dylib
    /usr/local/lib/libboost_chrono.a
    /usr/local/lib/libboost_chrono.dylib
    /usr/local/lib/libboost_container-mt.a
    /usr/local/lib/libboost_container-mt.dylib
    /usr/local/lib/libboost_container.a
    /usr/local/lib/libboost_container.dylib
    /usr/local/lib/libboost_context-mt.a
    /usr/local/lib/libboost_context-mt.dylib
    /usr/local/lib/libboost_contract-mt.a
    /usr/local/lib/libboost_contract-mt.dylib
    /usr/local/lib/libboost_contract.a
    /usr/local/lib/libboost_contract.dylib
    /usr/local/lib/libboost_coroutine-mt.a
    /usr/local/lib/libboost_coroutine-mt.dylib
    /usr/local/lib/libboost_coroutine.a
    /usr/local/lib/libboost_coroutine.dylib
    /usr/local/lib/libboost_date_time-mt.a
    /usr/local/lib/libboost_date_time-mt.dylib
    /usr/local/lib/libboost_date_time.a
    /usr/local/lib/libboost_date_time.dylib
    /usr/local/lib/libboost_exception-mt.a
    /usr/local/lib/libboost_exception.a
    /usr/local/lib/libboost_fiber-mt.a
    /usr/local/lib/libboost_fiber-mt.dylib
    /usr/local/lib/libboost_filesystem-mt.a
    /usr/local/lib/libboost_filesystem-mt.dylib
    /usr/local/lib/libboost_filesystem.a
    /usr/local/lib/libboost_filesystem.dylib
    /usr/local/lib/libboost_graph-mt.a
    /usr/local/lib/libboost_graph-mt.dylib
    /usr/local/lib/libboost_graph.a
    /usr/local/lib/libboost_graph.dylib
    /usr/local/lib/libboost_iostreams-mt.a
    /usr/local/lib/libboost_iostreams-mt.dylib
    /usr/local/lib/libboost_iostreams.a
    /usr/local/lib/libboost_iostreams.dylib
    /usr/local/lib/libboost_locale-mt.a
    /usr/local/lib/libboost_locale-mt.dylib
    /usr/local/lib/libboost_log-mt.a
    /usr/local/lib/libboost_log-mt.dylib
    /usr/local/lib/libboost_log.a
    /usr/local/lib/libboost_log.dylib
    /usr/local/lib/libboost_log_setup-mt.a
    /usr/local/lib/libboost_log_setup-mt.dylib
    /usr/local/lib/libboost_log_setup.a
    /usr/local/lib/libboost_log_setup.dylib
    /usr/local/lib/libboost_math_c99-mt.a
    /usr/local/lib/libboost_math_c99-mt.dylib
    /usr/local/lib/libboost_math_c99.a
    /usr/local/lib/libboost_math_c99.dylib
    /usr/local/lib/libboost_math_c99f-mt.a
    /usr/local/lib/libboost_math_c99f-mt.dylib
    /usr/local/lib/libboost_math_c99f.a
    /usr/local/lib/libboost_math_c99f.dylib
    /usr/local/lib/libboost_math_c99l-mt.a
    /usr/local/lib/libboost_math_c99l-mt.dylib
    /usr/local/lib/libboost_math_c99l.a
    /usr/local/lib/libboost_math_c99l.dylib
    /usr/local/lib/libboost_math_tr1-mt.a
    /usr/local/lib/libboost_math_tr1-mt.dylib
    /usr/local/lib/libboost_math_tr1.a
    /usr/local/lib/libboost_math_tr1.dylib
    /usr/local/lib/libboost_math_tr1f-mt.a
    /usr/local/lib/libboost_math_tr1f-mt.dylib
    /usr/local/lib/libboost_math_tr1f.a
    /usr/local/lib/libboost_math_tr1f.dylib
    /usr/local/lib/libboost_math_tr1l-mt.a
    /usr/local/lib/libboost_math_tr1l-mt.dylib
    /usr/local/lib/libboost_math_tr1l.a
    /usr/local/lib/libboost_math_tr1l.dylib
    /usr/local/lib/libboost_prg_exec_monitor-mt.a
    /usr/local/lib/libboost_prg_exec_monitor-mt.dylib
    /usr/local/lib/libboost_prg_exec_monitor.a
    /usr/local/lib/libboost_prg_exec_monitor.dylib
    /usr/local/lib/libboost_program_options-mt.a
    /usr/local/lib/libboost_program_options-mt.dylib
    /usr/local/lib/libboost_program_options.a
    /usr/local/lib/libboost_program_options.dylib
    /usr/local/lib/libboost_random-mt.a
    /usr/local/lib/libboost_random-mt.dylib
    /usr/local/lib/libboost_random.a
    /usr/local/lib/libboost_random.dylib
    /usr/local/lib/libboost_regex-mt.a
    /usr/local/lib/libboost_regex-mt.dylib
    /usr/local/lib/libboost_regex.a
    /usr/local/lib/libboost_regex.dylib
    /usr/local/lib/libboost_serialization-mt.a
    /usr/local/lib/libboost_serialization-mt.dylib
    /usr/local/lib/libboost_serialization.a
    /usr/local/lib/libboost_serialization.dylib
    /usr/local/lib/libboost_stacktrace_addr2line-mt.a
    /usr/local/lib/libboost_stacktrace_addr2line-mt.dylib
    /usr/local/lib/libboost_stacktrace_addr2line.a
    /usr/local/lib/libboost_stacktrace_addr2line.dylib
    /usr/local/lib/libboost_stacktrace_basic-mt.a
    /usr/local/lib/libboost_stacktrace_basic-mt.dylib
    /usr/local/lib/libboost_stacktrace_basic.a
    /usr/local/lib/libboost_stacktrace_basic.dylib
    /usr/local/lib/libboost_stacktrace_noop-mt.a
    /usr/local/lib/libboost_stacktrace_noop-mt.dylib
    /usr/local/lib/libboost_stacktrace_noop.a
    /usr/local/lib/libboost_stacktrace_noop.dylib
    /usr/local/lib/libboost_system-mt.a
    /usr/local/lib/libboost_system-mt.dylib
    /usr/local/lib/libboost_system.a
    /usr/local/lib/libboost_system.dylib
    /usr/local/lib/libboost_test_exec_monitor-mt.a
    /usr/local/lib/libboost_test_exec_monitor.a
    /usr/local/lib/libboost_thread-mt.a
    /usr/local/lib/libboost_thread-mt.dylib
    /usr/local/lib/libboost_timer-mt.a
    /usr/local/lib/libboost_timer-mt.dylib
    /usr/local/lib/libboost_timer.a
    /usr/local/lib/libboost_timer.dylib
    /usr/local/lib/libboost_type_erasure-mt.a
    /usr/local/lib/libboost_type_erasure-mt.dylib
    /usr/local/lib/libboost_type_erasure.a
    /usr/local/lib/libboost_type_erasure.dylib
    /usr/local/lib/libboost_unit_test_framework-mt.a
    /usr/local/lib/libboost_unit_test_framework-mt.dylib
    /usr/local/lib/libboost_unit_test_framework.a
    /usr/local/lib/libboost_unit_test_framework.dylib
    /usr/local/lib/libboost_wave-mt.a
    /usr/local/lib/libboost_wave-mt.dylib
    /usr/local/lib/libboost_wave.a
    /usr/local/lib/libboost_wave.dylib
    /usr/local/lib/libboost_wserialization-mt.a
    /usr/local/lib/libboost_wserialization-mt.dylib
    /usr/local/lib/libboost_wserialization.a
    /usr/local/lib/libboost_wserialization.dylib
Trying pattern boost_system(-xgcc[0-9]{0,3})-1_71.dylib$
Trying pattern boost_system-1_71.dylib$
Trying pattern boost_system(-xgcc[0-9]{0,3}).dylib$
Trying pattern boost_system.dylib$
Found boost lib /usr/local/lib/libboost_system.dylib
Trying pattern boost_signals(-xgcc[0-9]{0,3})-1_71.dylib$
Trying pattern boost_signals-1_71.dylib$
Trying pattern boost_signals(-xgcc[0-9]{0,3}).dylib$
Trying pattern boost_signals.dylib$
Trying pattern boost_signals.dylib$
Trying pattern boost_signals
lib signals not found in /usr/local/lib
from /Users/frankwang/Misc/ns-3.29/src: The configuration failed
------------------------------------------------------------------
Checking boost includes
1_71
------------------------------------------------------------------
Checking boost libs
Found the boost path in /usr/local/lib with the libraries:
    /usr/local/lib/libboost_atomic-mt.a
    /usr/local/lib/libboost_atomic-mt.dylib
    /usr/local/lib/libboost_chrono-mt.a
    /usr/local/lib/libboost_chrono-mt.dylib
    /usr/local/lib/libboost_chrono.a
    /usr/local/lib/libboost_chrono.dylib
    /usr/local/lib/libboost_container-mt.a
    /usr/local/lib/libboost_container-mt.dylib
    /usr/local/lib/libboost_container.a
    /usr/local/lib/libboost_container.dylib
    /usr/local/lib/libboost_context-mt.a
    /usr/local/lib/libboost_context-mt.dylib
    /usr/local/lib/libboost_contract-mt.a
    /usr/local/lib/libboost_contract-mt.dylib
    /usr/local/lib/libboost_contract.a
    /usr/local/lib/libboost_contract.dylib
    /usr/local/lib/libboost_coroutine-mt.a
    /usr/local/lib/libboost_coroutine-mt.dylib
    /usr/local/lib/libboost_coroutine.a
    /usr/local/lib/libboost_coroutine.dylib
    /usr/local/lib/libboost_date_time-mt.a
    /usr/local/lib/libboost_date_time-mt.dylib
    /usr/local/lib/libboost_date_time.a
    /usr/local/lib/libboost_date_time.dylib
    /usr/local/lib/libboost_exception-mt.a
    /usr/local/lib/libboost_exception.a
    /usr/local/lib/libboost_fiber-mt.a
    /usr/local/lib/libboost_fiber-mt.dylib
    /usr/local/lib/libboost_filesystem-mt.a
    /usr/local/lib/libboost_filesystem-mt.dylib
    /usr/local/lib/libboost_filesystem.a
    /usr/local/lib/libboost_filesystem.dylib
    /usr/local/lib/libboost_graph-mt.a
    /usr/local/lib/libboost_graph-mt.dylib
    /usr/local/lib/libboost_graph.a
    /usr/local/lib/libboost_graph.dylib
    /usr/local/lib/libboost_iostreams-mt.a
    /usr/local/lib/libboost_iostreams-mt.dylib
    /usr/local/lib/libboost_iostreams.a
    /usr/local/lib/libboost_iostreams.dylib
    /usr/local/lib/libboost_locale-mt.a
    /usr/local/lib/libboost_locale-mt.dylib
    /usr/local/lib/libboost_log-mt.a
    /usr/local/lib/libboost_log-mt.dylib
    /usr/local/lib/libboost_log.a
    /usr/local/lib/libboost_log.dylib
    /usr/local/lib/libboost_log_setup-mt.a
    /usr/local/lib/libboost_log_setup-mt.dylib
    /usr/local/lib/libboost_log_setup.a
    /usr/local/lib/libboost_log_setup.dylib
    /usr/local/lib/libboost_math_c99-mt.a
    /usr/local/lib/libboost_math_c99-mt.dylib
    /usr/local/lib/libboost_math_c99.a
    /usr/local/lib/libboost_math_c99.dylib
    /usr/local/lib/libboost_math_c99f-mt.a
    /usr/local/lib/libboost_math_c99f-mt.dylib
    /usr/local/lib/libboost_math_c99f.a
    /usr/local/lib/libboost_math_c99f.dylib
    /usr/local/lib/libboost_math_c99l-mt.a
    /usr/local/lib/libboost_math_c99l-mt.dylib
    /usr/local/lib/libboost_math_c99l.a
    /usr/local/lib/libboost_math_c99l.dylib
    /usr/local/lib/libboost_math_tr1-mt.a
    /usr/local/lib/libboost_math_tr1-mt.dylib
    /usr/local/lib/libboost_math_tr1.a
    /usr/local/lib/libboost_math_tr1.dylib
    /usr/local/lib/libboost_math_tr1f-mt.a
    /usr/local/lib/libboost_math_tr1f-mt.dylib
    /usr/local/lib/libboost_math_tr1f.a
    /usr/local/lib/libboost_math_tr1f.dylib
    /usr/local/lib/libboost_math_tr1l-mt.a
    /usr/local/lib/libboost_math_tr1l-mt.dylib
    /usr/local/lib/libboost_math_tr1l.a
    /usr/local/lib/libboost_math_tr1l.dylib
    /usr/local/lib/libboost_prg_exec_monitor-mt.a
    /usr/local/lib/libboost_prg_exec_monitor-mt.dylib
    /usr/local/lib/libboost_prg_exec_monitor.a
    /usr/local/lib/libboost_prg_exec_monitor.dylib
    /usr/local/lib/libboost_program_options-mt.a
    /usr/local/lib/libboost_program_options-mt.dylib
    /usr/local/lib/libboost_program_options.a
    /usr/local/lib/libboost_program_options.dylib
    /usr/local/lib/libboost_random-mt.a
    /usr/local/lib/libboost_random-mt.dylib
    /usr/local/lib/libboost_random.a
    /usr/local/lib/libboost_random.dylib
    /usr/local/lib/libboost_regex-mt.a
    /usr/local/lib/libboost_regex-mt.dylib
    /usr/local/lib/libboost_regex.a
    /usr/local/lib/libboost_regex.dylib
    /usr/local/lib/libboost_serialization-mt.a
    /usr/local/lib/libboost_serialization-mt.dylib
    /usr/local/lib/libboost_serialization.a
    /usr/local/lib/libboost_serialization.dylib
    /usr/local/lib/libboost_stacktrace_addr2line-mt.a
    /usr/local/lib/libboost_stacktrace_addr2line-mt.dylib
    /usr/local/lib/libboost_stacktrace_addr2line.a
    /usr/local/lib/libboost_stacktrace_addr2line.dylib
    /usr/local/lib/libboost_stacktrace_basic-mt.a
    /usr/local/lib/libboost_stacktrace_basic-mt.dylib
    /usr/local/lib/libboost_stacktrace_basic.a
    /usr/local/lib/libboost_stacktrace_basic.dylib
    /usr/local/lib/libboost_stacktrace_noop-mt.a
    /usr/local/lib/libboost_stacktrace_noop-mt.dylib
    /usr/local/lib/libboost_stacktrace_noop.a
    /usr/local/lib/libboost_stacktrace_noop.dylib
    /usr/local/lib/libboost_system-mt.a
    /usr/local/lib/libboost_system-mt.dylib
    /usr/local/lib/libboost_system.a
    /usr/local/lib/libboost_system.dylib
    /usr/local/lib/libboost_test_exec_monitor-mt.a
    /usr/local/lib/libboost_test_exec_monitor.a
    /usr/local/lib/libboost_thread-mt.a
    /usr/local/lib/libboost_thread-mt.dylib
    /usr/local/lib/libboost_timer-mt.a
    /usr/local/lib/libboost_timer-mt.dylib
    /usr/local/lib/libboost_timer.a
    /usr/local/lib/libboost_timer.dylib
    /usr/local/lib/libboost_type_erasure-mt.a
    /usr/local/lib/libboost_type_erasure-mt.dylib
    /usr/local/lib/libboost_type_erasure.a
    /usr/local/lib/libboost_type_erasure.dylib
    /usr/local/lib/libboost_unit_test_framework-mt.a
    /usr/local/lib/libboost_unit_test_framework-mt.dylib
    /usr/local/lib/libboost_unit_test_framework.a
    /usr/local/lib/libboost_unit_test_framework.dylib
    /usr/local/lib/libboost_wave-mt.a
    /usr/local/lib/libboost_wave-mt.dylib
    /usr/local/lib/libboost_wave.a
    /usr/local/lib/libboost_wave.dylib
    /usr/local/lib/libboost_wserialization-mt.a
    /usr/local/lib/libboost_wserialization-mt.dylib
    /usr/local/lib/libboost_wserialization.a
    /usr/local/lib/libboost_wserialization.dylib
Trying pattern boost_system(-xgcc[0-9]{0,3})-1_71.dylib$
Trying pattern boost_system-1_71.dylib$
Trying pattern boost_system(-xgcc[0-9]{0,3}).dylib$
Trying pattern boost_system.dylib$
Found boost lib /usr/local/lib/libboost_system.dylib
Trying pattern boost_signals(-xgcc[0-9]{0,3})-1_71.dylib$
Trying pattern boost_signals-1_71.dylib$
Trying pattern boost_signals(-xgcc[0-9]{0,3}).dylib$
Trying pattern boost_signals.dylib$
Trying pattern boost_signals.dylib$
Trying pattern boost_signals
lib signals not found in /usr/local/lib
from /Users/frankwang/Misc/ns-3.29/src: The configuration failed
------------------------------------------------------------------
Checking for click location
not found
------------------------------------------------------------------
Checking for program 'pkg-config'
/usr/local/bin/pkg-config
find program=['pkg-config'] paths=['/usr/local/opt/make/libexec/gnubin', '/usr/local/opt/llvm/bin', '/usr/local/opt/sqlite/bin', '/usr/texbin', '/usr/local/sbin', '/Users/frankwang/platform-tools', '/Users/frankwang/bin', '/usr/local/opt/python@2/bin', '/usr/local/bin', '/usr/bin', '/bin', '/usr/sbin', '/sbin', '/opt/X11/bin', '/usr/local/CrossPack-AVR/bin', '/usr/local/share/dotnet', '/Library/Frameworks/Mono.framework/Versions/Current/Commands', '/Library/TeX/texbin', '.', '/Applications/Xamarin Workbooks.app/Contents/SharedSupport/path-bin'] var='PKGCONFIG' -> ['/usr/local/bin/pkg-config']
------------------------------------------------------------------
Checking for 'gtk+-3.0'
['/usr/local/bin/pkg-config', '--cflags', '--libs', 'gtk+-3.0']
out: -I/usr/local/Cellar/libffi/3.2.1/lib/libffi-3.2.1/include -I/usr/local/Cellar/gtk+3/3.24.12_1/include/gtk-3.0 -I/usr/local/Cellar/glib/2.62.2/include/gio-unix-2.0 -I/usr/local/Cellar/cairo/1.16.0_2/include/cairo -I/usr/local/Cellar/libepoxy/1.5.3/include -I/usr/local/Cellar/pango/1.44.7/include/pango-1.0 -I/usr/local/Cellar/fribidi/1.0.7/include/fribidi -I/usr/local/Cellar/harfbuzz/2.6.2/include/harfbuzz -I/usr/local/Cellar/graphite2/1.3.13/include -I/usr/local/Cellar/atk/2.34.1/include/atk-1.0 -I/usr/local/Cellar/cairo/1.16.0_2/include/cairo -I/usr/local/Cellar/pixman/0.38.4/include/pixman-1 -I/usr/local/Cellar/fontconfig/2.13.1/include -I/usr/local/opt/freetype/include/freetype2 -I/usr/local/Cellar/libpng/1.6.37/include/libpng16 -I/usr/local/Cellar/gdk-pixbuf/2.40.0/include/gdk-pixbuf-2.0 -I/usr/local/Cellar/glib/2.62.2/include -I/usr/local/Cellar/glib/2.62.2/include/glib-2.0 -I/usr/local/Cellar/glib/2.62.2/lib/glib-2.0/include -I/usr/local/opt/gettext/include -I/usr/local/Cellar/pcre/8.43/include -L/usr/local/Cellar/gtk+3/3.24.12_1/lib -L/usr/local/Cellar/pango/1.44.7/lib -L/usr/local/Cellar/harfbuzz/2.6.2/lib -L/usr/local/Cellar/atk/2.34.1/lib -L/usr/local/Cellar/cairo/1.16.0_2/lib -L/usr/local/Cellar/gdk-pixbuf/2.40.0/lib -L/usr/local/Cellar/glib/2.62.2/lib -L/usr/local/opt/gettext/lib -lgtk-3 -lgdk-3 -framework Cocoa -framework Carbon -framework CoreGraphics -lpangocairo-1.0 -lpango-1.0 -lharfbuzz -latk-1.0 -lcairo-gobject -lcairo -lgdk_pixbuf-2.0 -lgio-2.0 -lgobject-2.0 -lglib-2.0 -lintl

yes
------------------------------------------------------------------
Checking for 'libxml-2.0'
['/usr/local/bin/pkg-config', '--cflags', '--libs', 'libxml-2.0']
out: -I/usr/include/libxml2 -lxml2

yes
------------------------------------------------------------------
checking for uint128_t
==>

        #include <stdint.h>
        
        int main(int argc, char **argv) {
	(void)argc; (void)argv;
	if ((uint128_t *) 0) return 0;
	if (sizeof (uint128_t)) return 0;
	return 1;
        }
        
<==
[1/2] Compiling [32mbuild/.conf_check_0fc019585816f3a0b1141f3b91daa03b/test.cpp[0m

['/usr/local/bin/g++-9', '-O0', '-ggdb', '-g3', '-Wall', '-Werror', '-std=c++11', '-Wno-parentheses', '-Wno-error=deprecated-declarations', '-DNS3_BUILD_PROFILE_DEBUG', '-DNS3_ASSERT_ENABLE', '-DNS3_LOG_ENABLE', '../test.cpp', '-c', '-o/Users/frankwang/Misc/ns-3.29/build/.conf_check_0fc019585816f3a0b1141f3b91daa03b/testbuild/test.cpp.1.o']
err: ../test.cpp: In function 'int main(int, char**)':
../test.cpp:6:7: error: 'uint128_t' was not declared in this scope; did you mean 'uint32_t'?
    6 |  if ((uint128_t *) 0) return 0;
      |       ^~~~~~~~~
      |       uint32_t
../test.cpp:6:18: error: expected primary-expression before ')' token
    6 |  if ((uint128_t *) 0) return 0;
      |                  ^
../test.cpp:6:19: error: expected ')' before numeric constant
    6 |  if ((uint128_t *) 0) return 0;
      |     ~             ^~
      |                   )
../test.cpp:7:14: error: 'uint128_t' was not declared in this scope; did you mean 'uint32_t'?
    7 |  if (sizeof (uint128_t)) return 0;
      |              ^~~~~~~~~
      |              uint32_t

from /Users/frankwang/Misc/ns-3.29/src/core: Test does not build: Traceback (most recent call last):
  File "/Users/frankwang/Misc/ns-3.29/.waf-2.0.9-897e824215d3dab2b64982d8af27db90/waflib/Configure.py", line 324, in run_build
    bld.compile()
  File "/Users/frankwang/Misc/ns-3.29/.waf-2.0.9-897e824215d3dab2b64982d8af27db90/waflib/Build.py", line 176, in compile
    raise Errors.BuildError(self.producer.error)
BuildError: Build failed
 -> task in 'testprog' failed with exit status 1 (run with -v to display more information)

not found
from /Users/frankwang/Misc/ns-3.29/src/core: The configuration failed
------------------------------------------------------------------
checking for __uint128_t
==>

        #include <stdint.h>
        
        int main(int argc, char **argv) {
	(void)argc; (void)argv;
	if ((__uint128_t *) 0) return 0;
	if (sizeof (__uint128_t)) return 0;
	return 1;
        }
        
<==
[1/2] Compiling [32mbuild/.conf_check_17850182eca1d5d6b5f2ac77f429ec5c/test.cpp[0m

['/usr/local/bin/g++-9', '-O0', '-ggdb', '-g3', '-Wall', '-Werror', '-std=c++11', '-Wno-parentheses', '-Wno-error=deprecated-declarations', '-DNS3_BUILD_PROFILE_DEBUG', '-DNS3_ASSERT_ENABLE', '-DNS3_LOG_ENABLE', '../test.cpp', '-c', '-o/Users/frankwang/Misc/ns-3.29/build/.conf_check_17850182eca1d5d6b5f2ac77f429ec5c/testbuild/test.cpp.1.o']
[2/2] Linking [33mbuild/.conf_check_17850182eca1d5d6b5f2ac77f429ec5c/testbuild/testprog[0m

['/usr/local/bin/g++-9', 'test.cpp.1.o', '-o/Users/frankwang/Misc/ns-3.29/build/.conf_check_17850182eca1d5d6b5f2ac77f429ec5c/testbuild/testprog']
yes
------------------------------------------------------------------
Checking high precision implementation
128-bit integer (default)
------------------------------------------------------------------
Checking for header stdint.h
==>
#include <stdint.h>

int main(int argc, char **argv) {
	(void)argc; (void)argv;
	return 0;
}

<==
[1/2] Compiling [32mbuild/.conf_check_f4ddcbe5f6ff12cb8558148fd572b660/test.cpp[0m

['/usr/local/bin/g++-9', '-O0', '-ggdb', '-g3', '-Wall', '-Werror', '-std=c++11', '-Wno-parentheses', '-Wno-error=deprecated-declarations', '-DNS3_BUILD_PROFILE_DEBUG', '-DNS3_ASSERT_ENABLE', '-DNS3_LOG_ENABLE', '-DHAVE___UINT128_T=1', '-DINT64X64_USE_128=1', '../test.cpp', '-c', '-o/Users/frankwang/Misc/ns-3.29/build/.conf_check_f4ddcbe5f6ff12cb8558148fd572b660/testbuild/test.cpp.1.o']
[2/2] Linking [33mbuild/.conf_check_f4ddcbe5f6ff12cb8558148fd572b660/testbuild/testprog[0m

['/usr/local/bin/g++-9', 'test.cpp.1.o', '-o/Users/frankwang/Misc/ns-3.29/build/.conf_check_f4ddcbe5f6ff12cb8558148fd572b660/testbuild/testprog']
yes
------------------------------------------------------------------
Checking for header inttypes.h
==>
#include <inttypes.h>

int main(int argc, char **argv) {
	(void)argc; (void)argv;
	return 0;
}

<==
[1/2] Compiling [32mbuild/.conf_check_ae2bd60186e168203100402340169991/test.cpp[0m

['/usr/local/bin/g++-9', '-O0', '-ggdb', '-g3', '-Wall', '-Werror', '-std=c++11', '-Wno-parentheses', '-Wno-error=deprecated-declarations', '-DNS3_BUILD_PROFILE_DEBUG', '-DNS3_ASSERT_ENABLE', '-DNS3_LOG_ENABLE', '-DHAVE___UINT128_T=1', '-DINT64X64_USE_128=1', '-DHAVE_STDINT_H=1', '../test.cpp', '-c', '-o/Users/frankwang/Misc/ns-3.29/build/.conf_check_ae2bd60186e168203100402340169991/testbuild/test.cpp.1.o']
[2/2] Linking [33mbuild/.conf_check_ae2bd60186e168203100402340169991/testbuild/testprog[0m

['/usr/local/bin/g++-9', 'test.cpp.1.o', '-o/Users/frankwang/Misc/ns-3.29/build/.conf_check_ae2bd60186e168203100402340169991/testbuild/testprog']
yes
------------------------------------------------------------------
Checking for header sys/inttypes.h
==>
#include <sys/inttypes.h>

int main(int argc, char **argv) {
	(void)argc; (void)argv;
	return 0;
}

<==
[1/2] Compiling [32mbuild/.conf_check_9e196a00c0c4ae26baae135f6b24ca3d/test.cpp[0m

['/usr/local/bin/g++-9', '-O0', '-ggdb', '-g3', '-Wall', '-Werror', '-std=c++11', '-Wno-parentheses', '-Wno-error=deprecated-declarations', '-DNS3_BUILD_PROFILE_DEBUG', '-DNS3_ASSERT_ENABLE', '-DNS3_LOG_ENABLE', '-DHAVE___UINT128_T=1', '-DINT64X64_USE_128=1', '-DHAVE_STDINT_H=1', '-DHAVE_INTTYPES_H=1', '../test.cpp', '-c', '-o/Users/frankwang/Misc/ns-3.29/build/.conf_check_9e196a00c0c4ae26baae135f6b24ca3d/testbuild/test.cpp.1.o']
err: ../test.cpp:1:10: fatal error: sys/inttypes.h: No such file or directory
    1 | #include <sys/inttypes.h>
      |          ^~~~~~~~~~~~~~~~
compilation terminated.

from /Users/frankwang/Misc/ns-3.29/src/core: Test does not build: Traceback (most recent call last):
  File "/Users/frankwang/Misc/ns-3.29/.waf-2.0.9-897e824215d3dab2b64982d8af27db90/waflib/Configure.py", line 324, in run_build
    bld.compile()
  File "/Users/frankwang/Misc/ns-3.29/.waf-2.0.9-897e824215d3dab2b64982d8af27db90/waflib/Build.py", line 176, in compile
    raise Errors.BuildError(self.producer.error)
BuildError: Build failed
 -> task in 'testprog' failed with exit status 1 (run with -v to display more information)

not found
from /Users/frankwang/Misc/ns-3.29/src/core: The configuration failed
------------------------------------------------------------------
Checking for header sys/types.h
==>
#include <sys/types.h>

int main(int argc, char **argv) {
	(void)argc; (void)argv;
	return 0;
}

<==
[1/2] Compiling [32mbuild/.conf_check_c38a60f9db63b3665bfaec0c9a91a44a/test.cpp[0m

['/usr/local/bin/g++-9', '-O0', '-ggdb', '-g3', '-Wall', '-Werror', '-std=c++11', '-Wno-parentheses', '-Wno-error=deprecated-declarations', '-DNS3_BUILD_PROFILE_DEBUG', '-DNS3_ASSERT_ENABLE', '-DNS3_LOG_ENABLE', '-DHAVE___UINT128_T=1', '-DINT64X64_USE_128=1', '-DHAVE_STDINT_H=1', '-DHAVE_INTTYPES_H=1', '../test.cpp', '-c', '-o/Users/frankwang/Misc/ns-3.29/build/.conf_check_c38a60f9db63b3665bfaec0c9a91a44a/testbuild/test.cpp.1.o']
[2/2] Linking [33mbuild/.conf_check_c38a60f9db63b3665bfaec0c9a91a44a/testbuild/testprog[0m

['/usr/local/bin/g++-9', 'test.cpp.1.o', '-o/Users/frankwang/Misc/ns-3.29/build/.conf_check_c38a60f9db63b3665bfaec0c9a91a44a/testbuild/testprog']
yes
------------------------------------------------------------------
Checking for header sys/stat.h
==>
#include <sys/stat.h>

int main(int argc, char **argv) {
	(void)argc; (void)argv;
	return 0;
}

<==
[1/2] Compiling [32mbuild/.conf_check_a9c5278f905c84d409b1348b01847186/test.cpp[0m

['/usr/local/bin/g++-9', '-O0', '-ggdb', '-g3', '-Wall', '-Werror', '-std=c++11', '-Wno-parentheses', '-Wno-error=deprecated-declarations', '-DNS3_BUILD_PROFILE_DEBUG', '-DNS3_ASSERT_ENABLE', '-DNS3_LOG_ENABLE', '-DHAVE___UINT128_T=1', '-DINT64X64_USE_128=1', '-DHAVE_STDINT_H=1', '-DHAVE_INTTYPES_H=1', '-DHAVE_SYS_TYPES_H=1', '../test.cpp', '-c', '-o/Users/frankwang/Misc/ns-3.29/build/.conf_check_a9c5278f905c84d409b1348b01847186/testbuild/test.cpp.1.o']
[2/2] Linking [33mbuild/.conf_check_a9c5278f905c84d409b1348b01847186/testbuild/testprog[0m

['/usr/local/bin/g++-9', 'test.cpp.1.o', '-o/Users/frankwang/Misc/ns-3.29/build/.conf_check_a9c5278f905c84d409b1348b01847186/testbuild/testprog']
yes
------------------------------------------------------------------
Checking for header dirent.h
==>
#include <dirent.h>

int main(int argc, char **argv) {
	(void)argc; (void)argv;
	return 0;
}

<==
[1/2] Compiling [32mbuild/.conf_check_d5a1d32cda2af8535779549c365fccac/test.cpp[0m

['/usr/local/bin/g++-9', '-O0', '-ggdb', '-g3', '-Wall', '-Werror', '-std=c++11', '-Wno-parentheses', '-Wno-error=deprecated-declarations', '-DNS3_BUILD_PROFILE_DEBUG', '-DNS3_ASSERT_ENABLE', '-DNS3_LOG_ENABLE', '-DHAVE___UINT128_T=1', '-DINT64X64_USE_128=1', '-DHAVE_STDINT_H=1', '-DHAVE_INTTYPES_H=1', '-DHAVE_SYS_TYPES_H=1', '-DHAVE_SYS_STAT_H=1', '../test.cpp', '-c', '-o/Users/frankwang/Misc/ns-3.29/build/.conf_check_d5a1d32cda2af8535779549c365fccac/testbuild/test.cpp.1.o']
[2/2] Linking [33mbuild/.conf_check_d5a1d32cda2af8535779549c365fccac/testbuild/testprog[0m

['/usr/local/bin/g++-9', 'test.cpp.1.o', '-o/Users/frankwang/Misc/ns-3.29/build/.conf_check_d5a1d32cda2af8535779549c365fccac/testbuild/testprog']
yes
------------------------------------------------------------------
Checking for header stdlib.h
==>
#include <stdlib.h>

int main(int argc, char **argv) {
	(void)argc; (void)argv;
	return 0;
}

<==
[1/2] Compiling [32mbuild/.conf_check_41d53f1e1f6d3da08fdef6a5d92ebe61/test.cpp[0m

['/usr/local/bin/g++-9', '-O0', '-ggdb', '-g3', '-Wall', '-Werror', '-std=c++11', '-Wno-parentheses', '-Wno-error=deprecated-declarations', '-DNS3_BUILD_PROFILE_DEBUG', '-DNS3_ASSERT_ENABLE', '-DNS3_LOG_ENABLE', '-DHAVE___UINT128_T=1', '-DINT64X64_USE_128=1', '-DHAVE_STDINT_H=1', '-DHAVE_INTTYPES_H=1', '-DHAVE_SYS_TYPES_H=1', '-DHAVE_SYS_STAT_H=1', '-DHAVE_DIRENT_H=1', '../test.cpp', '-c', '-o/Users/frankwang/Misc/ns-3.29/build/.conf_check_41d53f1e1f6d3da08fdef6a5d92ebe61/testbuild/test.cpp.1.o']
[2/2] Linking [33mbuild/.conf_check_41d53f1e1f6d3da08fdef6a5d92ebe61/testbuild/testprog[0m

['/usr/local/bin/g++-9', 'test.cpp.1.o', '-o/Users/frankwang/Misc/ns-3.29/build/.conf_check_41d53f1e1f6d3da08fdef6a5d92ebe61/testbuild/testprog']
yes
------------------------------------------------------------------
Checking for header signal.h
==>
#include <signal.h>

int main(int argc, char **argv) {
	(void)argc; (void)argv;
	return 0;
}

<==
[1/2] Compiling [32mbuild/.conf_check_f6551b46674218cb6bd63998f97e82a2/test.cpp[0m

['/usr/local/bin/g++-9', '-O0', '-ggdb', '-g3', '-Wall', '-Werror', '-std=c++11', '-Wno-parentheses', '-Wno-error=deprecated-declarations', '-DNS3_BUILD_PROFILE_DEBUG', '-DNS3_ASSERT_ENABLE', '-DNS3_LOG_ENABLE', '-DHAVE___UINT128_T=1', '-DINT64X64_USE_128=1', '-DHAVE_STDINT_H=1', '-DHAVE_INTTYPES_H=1', '-DHAVE_SYS_TYPES_H=1', '-DHAVE_SYS_STAT_H=1', '-DHAVE_DIRENT_H=1', '-DHAVE_STDLIB_H=1', '-DHAVE_GETENV=1', '../test.cpp', '-c', '-o/Users/frankwang/Misc/ns-3.29/build/.conf_check_f6551b46674218cb6bd63998f97e82a2/testbuild/test.cpp.1.o']
[2/2] Linking [33mbuild/.conf_check_f6551b46674218cb6bd63998f97e82a2/testbuild/testprog[0m

['/usr/local/bin/g++-9', 'test.cpp.1.o', '-o/Users/frankwang/Misc/ns-3.29/build/.conf_check_f6551b46674218cb6bd63998f97e82a2/testbuild/testprog']
yes
------------------------------------------------------------------
Checking for header pthread.h
==>

#include <pthread.h>
int main ()
{
   pthread_mutex_t m;
   pthread_mutex_init (&m, NULL);
   return 0;
}

<==
[1/2] Compiling [32mbuild/.conf_check_0d8399fdad288f166f474d4a8c9b6392/test.cpp[0m

['/usr/local/bin/g++-9', '-O0', '-ggdb', '-g3', '-Wall', '-Werror', '-std=c++11', '-Wno-parentheses', '-Wno-error=deprecated-declarations', '-DNS3_BUILD_PROFILE_DEBUG', '-DNS3_ASSERT_ENABLE', '-DNS3_LOG_ENABLE', '-DHAVE___UINT128_T=1', '-DINT64X64_USE_128=1', '-DHAVE_STDINT_H=1', '-DHAVE_INTTYPES_H=1', '-DHAVE_SYS_TYPES_H=1', '-DHAVE_SYS_STAT_H=1', '-DHAVE_DIRENT_H=1', '-DHAVE_STDLIB_H=1', '-DHAVE_GETENV=1', '-DHAVE_SIGNAL_H=1', '../test.cpp', '-c', '-o/Users/frankwang/Misc/ns-3.29/build/.conf_check_0d8399fdad288f166f474d4a8c9b6392/testbuild/test.cpp.1.o']
[2/2] Linking [33mbuild/.conf_check_0d8399fdad288f166f474d4a8c9b6392/testbuild/testprog[0m

['/usr/local/bin/g++-9', 'test.cpp.1.o', '-o/Users/frankwang/Misc/ns-3.29/build/.conf_check_0d8399fdad288f166f474d4a8c9b6392/testbuild/testprog']
yes
------------------------------------------------------------------
Checking for header stdint.h
==>
#include <stdint.h>

int main(int argc, char **argv) {
	(void)argc; (void)argv;
	return 0;
}

<==
[1/2] Compiling [32mbuild/.conf_check_f4ddcbe5f6ff12cb8558148fd572b660/test.cpp[0m

['/usr/local/bin/g++-9', '-O0', '-ggdb', '-g3', '-Wall', '-Werror', '-std=c++11', '-Wno-parentheses', '-Wno-error=deprecated-declarations', '-DNS3_BUILD_PROFILE_DEBUG', '-DNS3_ASSERT_ENABLE', '-DNS3_LOG_ENABLE', '-DHAVE___UINT128_T=1', '-DINT64X64_USE_128=1', '-DHAVE_INTTYPES_H=1', '-DHAVE_SYS_TYPES_H=1', '-DHAVE_SYS_STAT_H=1', '-DHAVE_DIRENT_H=1', '-DHAVE_STDLIB_H=1', '-DHAVE_GETENV=1', '-DHAVE_SIGNAL_H=1', '-DHAVE_PTHREAD_H=1', '../test.cpp', '-c', '-o/Users/frankwang/Misc/ns-3.29/build/.conf_check_f4ddcbe5f6ff12cb8558148fd572b660/testbuild/test.cpp.1.o']
[2/2] Linking [33mbuild/.conf_check_f4ddcbe5f6ff12cb8558148fd572b660/testbuild/testprog[0m

['/usr/local/bin/g++-9', 'test.cpp.1.o', '-o/Users/frankwang/Misc/ns-3.29/build/.conf_check_f4ddcbe5f6ff12cb8558148fd572b660/testbuild/testprog']
yes
------------------------------------------------------------------
Checking for header inttypes.h
==>
#include <inttypes.h>

int main(int argc, char **argv) {
	(void)argc; (void)argv;
	return 0;
}

<==
[1/2] Compiling [32mbuild/.conf_check_ae2bd60186e168203100402340169991/test.cpp[0m

['/usr/local/bin/g++-9', '-O0', '-ggdb', '-g3', '-Wall', '-Werror', '-std=c++11', '-Wno-parentheses', '-Wno-error=deprecated-declarations', '-DNS3_BUILD_PROFILE_DEBUG', '-DNS3_ASSERT_ENABLE', '-DNS3_LOG_ENABLE', '-DHAVE___UINT128_T=1', '-DINT64X64_USE_128=1', '-DHAVE_SYS_TYPES_H=1', '-DHAVE_SYS_STAT_H=1', '-DHAVE_DIRENT_H=1', '-DHAVE_STDLIB_H=1', '-DHAVE_GETENV=1', '-DHAVE_SIGNAL_H=1', '-DHAVE_PTHREAD_H=1', '-DHAVE_STDINT_H=1', '../test.cpp', '-c', '-o/Users/frankwang/Misc/ns-3.29/build/.conf_check_ae2bd60186e168203100402340169991/testbuild/test.cpp.1.o']
[2/2] Linking [33mbuild/.conf_check_ae2bd60186e168203100402340169991/testbuild/testprog[0m

['/usr/local/bin/g++-9', 'test.cpp.1.o', '-o/Users/frankwang/Misc/ns-3.29/build/.conf_check_ae2bd60186e168203100402340169991/testbuild/testprog']
yes
------------------------------------------------------------------
Checking for header sys/inttypes.h
==>
#include <sys/inttypes.h>

int main(int argc, char **argv) {
	(void)argc; (void)argv;
	return 0;
}

<==
[1/2] Compiling [32mbuild/.conf_check_9e196a00c0c4ae26baae135f6b24ca3d/test.cpp[0m

['/usr/local/bin/g++-9', '-O0', '-ggdb', '-g3', '-Wall', '-Werror', '-std=c++11', '-Wno-parentheses', '-Wno-error=deprecated-declarations', '-DNS3_BUILD_PROFILE_DEBUG', '-DNS3_ASSERT_ENABLE', '-DNS3_LOG_ENABLE', '-DHAVE___UINT128_T=1', '-DINT64X64_USE_128=1', '-DHAVE_SYS_TYPES_H=1', '-DHAVE_SYS_STAT_H=1', '-DHAVE_DIRENT_H=1', '-DHAVE_STDLIB_H=1', '-DHAVE_GETENV=1', '-DHAVE_SIGNAL_H=1', '-DHAVE_PTHREAD_H=1', '-DHAVE_STDINT_H=1', '-DHAVE_INTTYPES_H=1', '../test.cpp', '-c', '-o/Users/frankwang/Misc/ns-3.29/build/.conf_check_9e196a00c0c4ae26baae135f6b24ca3d/testbuild/test.cpp.1.o']
err: ../test.cpp:1:10: fatal error: sys/inttypes.h: No such file or directory
    1 | #include <sys/inttypes.h>
      |          ^~~~~~~~~~~~~~~~
compilation terminated.

from /Users/frankwang/Misc/ns-3.29/src/core: Test does not build: Traceback (most recent call last):
  File "/Users/frankwang/Misc/ns-3.29/.waf-2.0.9-897e824215d3dab2b64982d8af27db90/waflib/Configure.py", line 324, in run_build
    bld.compile()
  File "/Users/frankwang/Misc/ns-3.29/.waf-2.0.9-897e824215d3dab2b64982d8af27db90/waflib/Build.py", line 176, in compile
    raise Errors.BuildError(self.producer.error)
BuildError: Build failed
 -> task in 'testprog' failed with exit status 1 (run with -v to display more information)

not found
from /Users/frankwang/Misc/ns-3.29/src/core: The configuration failed
------------------------------------------------------------------
Checking for library rt
==>

int main(int argc, char **argv) {
	(void)argc; (void)argv;
	return 0;
}

<==
[1/2] Compiling [32mbuild/.conf_check_817fff3651e74223dc306814aa6929ab/test.cpp[0m

['/usr/local/bin/g++-9', '-O0', '-ggdb', '-g3', '-Wall', '-Werror', '-std=c++11', '-Wno-parentheses', '-Wno-error=deprecated-declarations', '-DNS3_BUILD_PROFILE_DEBUG', '-DNS3_ASSERT_ENABLE', '-DNS3_LOG_ENABLE', '-DHAVE___UINT128_T=1', '-DINT64X64_USE_128=1', '-DHAVE_SYS_TYPES_H=1', '-DHAVE_SYS_STAT_H=1', '-DHAVE_DIRENT_H=1', '-DHAVE_STDLIB_H=1', '-DHAVE_GETENV=1', '-DHAVE_SIGNAL_H=1', '-DHAVE_PTHREAD_H=1', '-DHAVE_STDINT_H=1', '-DHAVE_INTTYPES_H=1', '../test.cpp', '-c', '-o/Users/frankwang/Misc/ns-3.29/build/.conf_check_817fff3651e74223dc306814aa6929ab/testbuild/test.cpp.1.o']
[2/2] Linking [33mbuild/.conf_check_817fff3651e74223dc306814aa6929ab/testbuild/testprog[0m

['/usr/local/bin/g++-9', 'test.cpp.1.o', '-o/Users/frankwang/Misc/ns-3.29/build/.conf_check_817fff3651e74223dc306814aa6929ab/testbuild/testprog', '-lrt']
err: ld: library not found for -lrt
collect2: error: ld returned 1 exit status

from /Users/frankwang/Misc/ns-3.29/src/core: Test does not build: Traceback (most recent call last):
  File "/Users/frankwang/Misc/ns-3.29/.waf-2.0.9-897e824215d3dab2b64982d8af27db90/waflib/Configure.py", line 324, in run_build
    bld.compile()
  File "/Users/frankwang/Misc/ns-3.29/.waf-2.0.9-897e824215d3dab2b64982d8af27db90/waflib/Build.py", line 176, in compile
    raise Errors.BuildError(self.producer.error)
BuildError: Build failed
 -> task in 'testprog' failed with exit status 1 (run with -v to display more information)

not found
from /Users/frankwang/Misc/ns-3.29/src/core: The configuration failed
------------------------------------------------------------------
Checking for header sys/ioctl.h
==>
#include <sys/ioctl.h>

int main(int argc, char **argv) {
	(void)argc; (void)argv;
	return 0;
}

<==
[1/2] Compiling [32mbuild/.conf_check_09447e6582dce206a9221c474c557354/test.cpp[0m

['/usr/local/bin/g++-9', '-O0', '-ggdb', '-g3', '-Wall', '-Werror', '-std=c++11', '-Wno-parentheses', '-Wno-error=deprecated-declarations', '-DNS3_BUILD_PROFILE_DEBUG', '-DNS3_ASSERT_ENABLE', '-DNS3_LOG_ENABLE', '../test.cpp', '-c', '-o/Users/frankwang/Misc/ns-3.29/build/.conf_check_09447e6582dce206a9221c474c557354/testbuild/test.cpp.1.o']
[2/2] Linking [33mbuild/.conf_check_09447e6582dce206a9221c474c557354/testbuild/testprog[0m

['/usr/local/bin/g++-9', 'test.cpp.1.o', '-o/Users/frankwang/Misc/ns-3.29/build/.conf_check_09447e6582dce206a9221c474c557354/testbuild/testprog']
yes
------------------------------------------------------------------
Checking for header net/if.h
==>
#include <net/if.h>

int main(int argc, char **argv) {
	(void)argc; (void)argv;
	return 0;
}

<==
[1/2] Compiling [32mbuild/.conf_check_4ee02ca7a8159f141908eedc89360219/test.cpp[0m

['/usr/local/bin/g++-9', '-O0', '-ggdb', '-g3', '-Wall', '-Werror', '-std=c++11', '-Wno-parentheses', '-Wno-error=deprecated-declarations', '-DNS3_BUILD_PROFILE_DEBUG', '-DNS3_ASSERT_ENABLE', '-DNS3_LOG_ENABLE', '-DHAVE_SYS_IOCTL_H=1', '../test.cpp', '-c', '-o/Users/frankwang/Misc/ns-3.29/build/.conf_check_4ee02ca7a8159f141908eedc89360219/testbuild/test.cpp.1.o']
[2/2] Linking [33mbuild/.conf_check_4ee02ca7a8159f141908eedc89360219/testbuild/testprog[0m

['/usr/local/bin/g++-9', 'test.cpp.1.o', '-o/Users/frankwang/Misc/ns-3.29/build/.conf_check_4ee02ca7a8159f141908eedc89360219/testbuild/testprog']
yes
------------------------------------------------------------------
Checking for header net/ethernet.h
==>
#include <net/ethernet.h>

int main(int argc, char **argv) {
	(void)argc; (void)argv;
	return 0;
}

<==
[1/2] Compiling [32mbuild/.conf_check_98b3ac06080d630939131595c2fc778f/test.cpp[0m

['/usr/local/bin/g++-9', '-O0', '-ggdb', '-g3', '-Wall', '-Werror', '-std=c++11', '-Wno-parentheses', '-Wno-error=deprecated-declarations', '-DNS3_BUILD_PROFILE_DEBUG', '-DNS3_ASSERT_ENABLE', '-DNS3_LOG_ENABLE', '-DHAVE_SYS_IOCTL_H=1', '-DHAVE_IF_NETS_H=1', '../test.cpp', '-c', '-o/Users/frankwang/Misc/ns-3.29/build/.conf_check_98b3ac06080d630939131595c2fc778f/testbuild/test.cpp.1.o']
[2/2] Linking [33mbuild/.conf_check_98b3ac06080d630939131595c2fc778f/testbuild/testprog[0m

['/usr/local/bin/g++-9', 'test.cpp.1.o', '-o/Users/frankwang/Misc/ns-3.29/build/.conf_check_98b3ac06080d630939131595c2fc778f/testbuild/testprog']
yes
------------------------------------------------------------------
Checking for header linux/if_tun.h
==>
#include <linux/if_tun.h>

int main(int argc, char **argv) {
	(void)argc; (void)argv;
	return 0;
}

<==
[1/2] Compiling [32mbuild/.conf_check_6fd8e97eb52e38b794bba471729db555/test.cpp[0m

['/usr/local/bin/g++-9', '-O0', '-ggdb', '-g3', '-Wall', '-Werror', '-std=c++11', '-Wno-parentheses', '-Wno-error=deprecated-declarations', '-DNS3_BUILD_PROFILE_DEBUG', '-DNS3_ASSERT_ENABLE', '-DNS3_LOG_ENABLE', '-DHAVE_SYS_IOCTL_H=1', '-DHAVE_IF_NETS_H=1', '-DHAVE_NET_ETHERNET_H=1', '../test.cpp', '-c', '-o/Users/frankwang/Misc/ns-3.29/build/.conf_check_6fd8e97eb52e38b794bba471729db555/testbuild/test.cpp.1.o']
err: ../test.cpp:1:10: fatal error: linux/if_tun.h: No such file or directory
    1 | #include <linux/if_tun.h>
      |          ^~~~~~~~~~~~~~~~
compilation terminated.

from /Users/frankwang/Misc/ns-3.29/src/fd-net-device: Test does not build: Traceback (most recent call last):
  File "/Users/frankwang/Misc/ns-3.29/.waf-2.0.9-897e824215d3dab2b64982d8af27db90/waflib/Configure.py", line 324, in run_build
    bld.compile()
  File "/Users/frankwang/Misc/ns-3.29/.waf-2.0.9-897e824215d3dab2b64982d8af27db90/waflib/Build.py", line 176, in compile
    raise Errors.BuildError(self.producer.error)
BuildError: Build failed
 -> task in 'testprog' failed with exit status 1 (run with -v to display more information)

not found
from /Users/frankwang/Misc/ns-3.29/src/fd-net-device: The configuration failed
------------------------------------------------------------------
Checking for header netpacket/packet.h
==>
#include <netpacket/packet.h>

int main(int argc, char **argv) {
	(void)argc; (void)argv;
	return 0;
}

<==
[1/2] Compiling [32mbuild/.conf_check_09a024bb9b17954d0dc5ad0988f82aa8/test.cpp[0m

['/usr/local/bin/g++-9', '-O0', '-ggdb', '-g3', '-Wall', '-Werror', '-std=c++11', '-Wno-parentheses', '-Wno-error=deprecated-declarations', '-DNS3_BUILD_PROFILE_DEBUG', '-DNS3_ASSERT_ENABLE', '-DNS3_LOG_ENABLE', '-DHAVE_SYS_IOCTL_H=1', '-DHAVE_IF_NETS_H=1', '-DHAVE_NET_ETHERNET_H=1', '../test.cpp', '-c', '-o/Users/frankwang/Misc/ns-3.29/build/.conf_check_09a024bb9b17954d0dc5ad0988f82aa8/testbuild/test.cpp.1.o']
err: ../test.cpp:1:10: fatal error: netpacket/packet.h: No such file or directory
    1 | #include <netpacket/packet.h>
      |          ^~~~~~~~~~~~~~~~~~~~
compilation terminated.

from /Users/frankwang/Misc/ns-3.29/src/fd-net-device: Test does not build: Traceback (most recent call last):
  File "/Users/frankwang/Misc/ns-3.29/.waf-2.0.9-897e824215d3dab2b64982d8af27db90/waflib/Configure.py", line 324, in run_build
    bld.compile()
  File "/Users/frankwang/Misc/ns-3.29/.waf-2.0.9-897e824215d3dab2b64982d8af27db90/waflib/Build.py", line 176, in compile
    raise Errors.BuildError(self.producer.error)
BuildError: Build failed
 -> task in 'testprog' failed with exit status 1 (run with -v to display more information)

not found
from /Users/frankwang/Misc/ns-3.29/src/fd-net-device: The configuration failed
------------------------------------------------------------------
Checking for NSC location
not found
------------------------------------------------------------------
Checking for 'sqlite3'
['/usr/local/bin/pkg-config', '--cflags', '--libs', 'sqlite3']
out: -lsqlite3

yes
------------------------------------------------------------------
Checking for header linux/if_tun.h
==>
#include <linux/if_tun.h>

int main(int argc, char **argv) {
	(void)argc; (void)argv;
	return 0;
}

<==
[1/2] Compiling [32mbuild/.conf_check_6fd8e97eb52e38b794bba471729db555/test.cpp[0m

['/usr/local/bin/g++-9', '-O0', '-ggdb', '-g3', '-Wall', '-Werror', '-std=c++11', '-Wno-parentheses', '-Wno-error=deprecated-declarations', '-DNS3_BUILD_PROFILE_DEBUG', '-DNS3_ASSERT_ENABLE', '-DNS3_LOG_ENABLE', '-DHAVE_SYS_IOCTL_H=1', '-DHAVE_IF_NETS_H=1', '-DHAVE_NET_ETHERNET_H=1', '-DHAVE_SQLITE3=1', '../test.cpp', '-c', '-o/Users/frankwang/Misc/ns-3.29/build/.conf_check_6fd8e97eb52e38b794bba471729db555/testbuild/test.cpp.1.o']
err: ../test.cpp:1:10: fatal error: linux/if_tun.h: No such file or directory
    1 | #include <linux/if_tun.h>
      |          ^~~~~~~~~~~~~~~~
compilation terminated.

from /Users/frankwang/Misc/ns-3.29/src/tap-bridge: Test does not build: Traceback (most recent call last):
  File "/Users/frankwang/Misc/ns-3.29/.waf-2.0.9-897e824215d3dab2b64982d8af27db90/waflib/Configure.py", line 324, in run_build
    bld.compile()
  File "/Users/frankwang/Misc/ns-3.29/.waf-2.0.9-897e824215d3dab2b64982d8af27db90/waflib/Build.py", line 176, in compile
    raise Errors.BuildError(self.producer.error)
BuildError: Build failed
 -> task in 'testprog' failed with exit status 1 (run with -v to display more information)

not found
from /Users/frankwang/Misc/ns-3.29/src/tap-bridge: The configuration failed
------------------------------------------------------------------
Checking for python module 'gi'
['/usr/local/opt/python@2/bin/python2.7', '-c', "\nimport gi as current_module\nversion = getattr(current_module, '__version__', None)\nif version is not None:\n\tprint(str(version))\nelse:\n\tprint('unknown version')\n"]
err: Traceback (most recent call last):
  File "<string>", line 2, in <module>
  File "/usr/local/lib/python2.7/site-packages/gi/__init__.py", line 42, in <module>
ImportError: cannot import name _gi

not found
from /Users/frankwang/Misc/ns-3.29/src/visualizer: Could not find the python module 'gi'
------------------------------------------------------------------
Checking for python module 'gi.repository.GObject'
['/usr/local/opt/python@2/bin/python2.7', '-c', "\nimport gi.repository.GObject as current_module\nversion = getattr(current_module, '__version__', None)\nif version is not None:\n\tprint(str(version))\nelse:\n\tprint('unknown version')\n"]
err: Traceback (most recent call last):
  File "<string>", line 2, in <module>
  File "/usr/local/lib/python2.7/site-packages/gi/__init__.py", line 42, in <module>
ImportError: cannot import name _gi

not found
from /Users/frankwang/Misc/ns-3.29/src/visualizer: Could not find the python module 'gi.repository.GObject'
------------------------------------------------------------------
Checking for python module 'cairo'
['/usr/local/opt/python@2/bin/python2.7', '-c', "\nimport cairo as current_module\nversion = getattr(current_module, '__version__', None)\nif version is not None:\n\tprint(str(version))\nelse:\n\tprint('unknown version')\n"]
out: unknown version

ok
------------------------------------------------------------------
Checking for python module 'pygraphviz'
['/usr/local/opt/python@2/bin/python2.7', '-c', "\nimport pygraphviz as current_module\nversion = getattr(current_module, '__version__', None)\nif version is not None:\n\tprint(str(version))\nelse:\n\tprint('unknown version')\n"]
out: 1.5

1.5
------------------------------------------------------------------
Checking for python module 'gi.repository.Gtk'
['/usr/local/opt/python@2/bin/python2.7', '-c', "\nimport gi.repository.Gtk as current_module\nversion = getattr(current_module, '__version__', None)\nif version is not None:\n\tprint(str(version))\nelse:\n\tprint('unknown version')\n"]
err: Traceback (most recent call last):
  File "<string>", line 2, in <module>
  File "/usr/local/lib/python2.7/site-packages/gi/__init__.py", line 42, in <module>
ImportError: cannot import name _gi

not found
from /Users/frankwang/Misc/ns-3.29/src/visualizer: Could not find the python module 'gi.repository.Gtk'
------------------------------------------------------------------
Checking for python module 'gi.repository.Gdk'
['/usr/local/opt/python@2/bin/python2.7', '-c', "\nimport gi.repository.Gdk as current_module\nversion = getattr(current_module, '__version__', None)\nif version is not None:\n\tprint(str(version))\nelse:\n\tprint('unknown version')\n"]
err: Traceback (most recent call last):
  File "<string>", line 2, in <module>
  File "/usr/local/lib/python2.7/site-packages/gi/__init__.py", line 42, in <module>
ImportError: cannot import name _gi

not found
from /Users/frankwang/Misc/ns-3.29/src/visualizer: Could not find the python module 'gi.repository.Gdk'
------------------------------------------------------------------
Checking for python module 'gi.repository.Pango'
['/usr/local/opt/python@2/bin/python2.7', '-c', "\nimport gi.repository.Pango as current_module\nversion = getattr(current_module, '__version__', None)\nif version is not None:\n\tprint(str(version))\nelse:\n\tprint('unknown version')\n"]
err: Traceback (most recent call last):
  File "<string>", line 2, in <module>
  File "/usr/local/lib/python2.7/site-packages/gi/__init__.py", line 42, in <module>
ImportError: cannot import name _gi

not found
from /Users/frankwang/Misc/ns-3.29/src/visualizer: Could not find the python module 'gi.repository.Pango'
------------------------------------------------------------------
Checking for python module 'gi.repository.GooCanvas'
['/usr/local/opt/python@2/bin/python2.7', '-c', "\nimport gi.repository.GooCanvas as current_module\nversion = getattr(current_module, '__version__', None)\nif version is not None:\n\tprint(str(version))\nelse:\n\tprint('unknown version')\n"]
err: Traceback (most recent call last):
  File "<string>", line 2, in <module>
  File "/usr/local/lib/python2.7/site-packages/gi/__init__.py", line 42, in <module>
ImportError: cannot import name _gi

not found
from /Users/frankwang/Misc/ns-3.29/src/visualizer: Could not find the python module 'gi.repository.GooCanvas'
------------------------------------------------------------------
Checking for program 'sudo'
/usr/bin/sudo
find program=['sudo'] paths=['/usr/local/opt/make/libexec/gnubin', '/usr/local/opt/llvm/bin', '/usr/local/opt/sqlite/bin', '/usr/texbin', '/usr/local/sbin', '/Users/frankwang/platform-tools', '/Users/frankwang/bin', '/usr/local/opt/python@2/bin', '/usr/local/bin', '/usr/bin', '/bin', '/usr/sbin', '/sbin', '/opt/X11/bin', '/usr/local/CrossPack-AVR/bin', '/usr/local/share/dotnet', '/Library/Frameworks/Mono.framework/Versions/Current/Commands', '/Library/TeX/texbin', '.', '/Applications/Xamarin Workbooks.app/Contents/SharedSupport/path-bin'] var='SUDO' -> ['/usr/bin/sudo']
------------------------------------------------------------------
Checking for program 'valgrind'
not found
find program=['valgrind'] paths=['/usr/local/opt/make/libexec/gnubin', '/usr/local/opt/llvm/bin', '/usr/local/opt/sqlite/bin', '/usr/texbin', '/usr/local/sbin', '/Users/frankwang/platform-tools', '/Users/frankwang/bin', '/usr/local/opt/python@2/bin', '/usr/local/bin', '/usr/bin', '/bin', '/usr/sbin', '/sbin', '/opt/X11/bin', '/usr/local/CrossPack-AVR/bin', '/usr/local/share/dotnet', '/Library/Frameworks/Mono.framework/Versions/Current/Commands', '/Library/TeX/texbin', '.', '/Applications/Xamarin Workbooks.app/Contents/SharedSupport/path-bin'] var='VALGRIND' -> None
from /Users/frankwang/Misc/ns-3.29: Could not find the program ['valgrind']
------------------------------------------------------------------
Checking for 'gsl'
['/usr/local/bin/pkg-config', '--cflags', '--libs', 'gsl']
err: Package gsl was not found in the pkg-config search path.
Perhaps you should add the directory containing `gsl.pc'
to the PKG_CONFIG_PATH environment variable
No package 'gsl' found

not found
from /Users/frankwang/Misc/ns-3.29: The configuration failed
------------------------------------------------------------------
python-config
/usr/local/bin/libgcrypt-config
find program=['libgcrypt-config'] paths=['/usr/local/opt/make/libexec/gnubin', '/usr/local/opt/llvm/bin', '/usr/local/opt/sqlite/bin', '/usr/texbin', '/usr/local/sbin', '/Users/frankwang/platform-tools', '/Users/frankwang/bin', '/usr/local/opt/python@2/bin', '/usr/local/bin', '/usr/bin', '/bin', '/usr/sbin', '/sbin', '/opt/X11/bin', '/usr/local/CrossPack-AVR/bin', '/usr/local/share/dotnet', '/Library/Frameworks/Mono.framework/Versions/Current/Commands', '/Library/TeX/texbin', '.', '/Applications/Xamarin Workbooks.app/Contents/SharedSupport/path-bin'] var='LIBGCRYPT_CONFIG' -> ['/usr/local/bin/libgcrypt-config']
------------------------------------------------------------------
Checking for libgcrypt
['/usr/local/bin/libgcrypt-config', '--cflags', '--libs']
out: -I/usr/local/opt/libgcrypt/include -I/usr/local/opt/libgpg-error/include
-L/usr/local/opt/libgcrypt/lib -lgcrypt -L/usr/local/opt/libgpg-error/lib -lgpg-error

yes
------------------------------------------------------------------
Checking for compilation flag -fstrict-aliasing support
==>
int main() { return 0; }
<==
[1/1] Compiling [32mbuild/.conf_check_5ad708c1ad7483622db8b5421bc03ce0/test.cpp[0m

['/usr/local/bin/g++-9', '-O0', '-ggdb', '-g3', '-Wall', '-Werror', '-std=c++11', '-Wno-parentheses', '-Wno-error=deprecated-declarations', '-fstrict-aliasing', '-DNS3_BUILD_PROFILE_DEBUG', '-DNS3_ASSERT_ENABLE', '-DNS3_LOG_ENABLE', '-DHAVE_SYS_IOCTL_H=1', '-DHAVE_IF_NETS_H=1', '-DHAVE_NET_ETHERNET_H=1', '-DHAVE_SQLITE3=1', '-DHAVE_CRYPTO=1', '../test.cpp', '-c', '-o/Users/frankwang/Misc/ns-3.29/build/.conf_check_5ad708c1ad7483622db8b5421bc03ce0/testbuild/test.cpp.1.o']
ok
------------------------------------------------------------------
Checking for compilation flag -fstrict-aliasing support
==>
int main() { return 0; }
<==
[1/1] Compiling [32mbuild/.conf_check_c42389ce727acbefa4c03443b0904bc4/test.c[0m

['/usr/local/bin/gcc-9', '-fstrict-aliasing', '-DNS3_BUILD_PROFILE_DEBUG', '-DNS3_ASSERT_ENABLE', '-DNS3_LOG_ENABLE', '-DHAVE_SYS_IOCTL_H=1', '-DHAVE_IF_NETS_H=1', '-DHAVE_NET_ETHERNET_H=1', '-DHAVE_SQLITE3=1', '-DHAVE_CRYPTO=1', '../test.c', '-c', '-o/Users/frankwang/Misc/ns-3.29/build/.conf_check_c42389ce727acbefa4c03443b0904bc4/testbuild/test.c.1.o']
ok
------------------------------------------------------------------
Checking for compilation flag -Wstrict-aliasing support
==>
int main() { return 0; }
<==
[1/1] Compiling [32mbuild/.conf_check_5ad708c1ad7483622db8b5421bc03ce0/test.cpp[0m

['/usr/local/bin/g++-9', '-O0', '-ggdb', '-g3', '-Wall', '-Werror', '-std=c++11', '-Wno-parentheses', '-Wno-error=deprecated-declarations', '-fstrict-aliasing', '-Wstrict-aliasing', '-DNS3_BUILD_PROFILE_DEBUG', '-DNS3_ASSERT_ENABLE', '-DNS3_LOG_ENABLE', '-DHAVE_SYS_IOCTL_H=1', '-DHAVE_IF_NETS_H=1', '-DHAVE_NET_ETHERNET_H=1', '-DHAVE_SQLITE3=1', '-DHAVE_CRYPTO=1', '../test.cpp', '-c', '-o/Users/frankwang/Misc/ns-3.29/build/.conf_check_5ad708c1ad7483622db8b5421bc03ce0/testbuild/test.cpp.1.o']
ok
------------------------------------------------------------------
Checking for compilation flag -Wstrict-aliasing support
==>
int main() { return 0; }
<==
[1/1] Compiling [32mbuild/.conf_check_c42389ce727acbefa4c03443b0904bc4/test.c[0m

['/usr/local/bin/gcc-9', '-Wstrict-aliasing', '-DNS3_BUILD_PROFILE_DEBUG', '-DNS3_ASSERT_ENABLE', '-DNS3_LOG_ENABLE', '-DHAVE_SYS_IOCTL_H=1', '-DHAVE_IF_NETS_H=1', '-DHAVE_NET_ETHERNET_H=1', '-DHAVE_SQLITE3=1', '-DHAVE_CRYPTO=1', '../test.c', '-c', '-o/Users/frankwang/Misc/ns-3.29/build/.conf_check_c42389ce727acbefa4c03443b0904bc4/testbuild/test.c.1.o']
ok
------------------------------------------------------------------
Checking for program 'doxygen'
/usr/local/bin/doxygen
find program=['doxygen'] paths=['/usr/local/opt/make/libexec/gnubin', '/usr/local/opt/llvm/bin', '/usr/local/opt/sqlite/bin', '/usr/texbin', '/usr/local/sbin', '/Users/frankwang/platform-tools', '/Users/frankwang/bin', '/usr/local/opt/python@2/bin', '/usr/local/bin', '/usr/bin', '/bin', '/usr/sbin', '/sbin', '/opt/X11/bin', '/usr/local/CrossPack-AVR/bin', '/usr/local/share/dotnet', '/Library/Frameworks/Mono.framework/Versions/Current/Commands', '/Library/TeX/texbin', '.', '/Applications/Xamarin Workbooks.app/Contents/SharedSupport/path-bin'] var='DOXYGEN' -> ['/usr/local/bin/doxygen']
